#
# There is insufficient memory for the Java Runtime Environment to continue.
# Native memory allocation (malloc) failed to allocate 85616 bytes. Error detail: Chunk::new
# Possible reasons:
#   The system is out of physical RAM or swap space
#   This process is running with CompressedOops enabled, and the Java Heap may be blocking the growth of the native heap
# Possible solutions:
#   Reduce memory load on the system
#   Increase physical memory or swap space
#   Check if swap backing store is full
#   Decrease Java heap size (-Xmx/-Xms)
#   Decrease number of Java threads
#   Decrease Java thread stack sizes (-Xss)
#   Set larger code cache with -XX:ReservedCodeCacheSize=
#   JVM is running with Unscaled Compressed Oops mode in which the Java heap is
#     placed in the first 4GB address space. The Java Heap base address is the
#     maximum limit for the native heap growth. Please use -XX:HeapBaseMinAddress
#     to set the Java Heap base and to place the Java Heap above 4GB virtual address.
# This output file may be truncated or incomplete.
#
#  Out of Memory Error (arena.cpp:150), pid=26752, tid=3616
#
# JRE version: OpenJDK Runtime Environment (22.0.1+8) (build 22.0.1+8-16)
# Java VM: OpenJDK 64-Bit Server VM (22.0.1+8-16, mixed mode, sharing, tiered, compressed oops, compressed class ptrs, g1 gc, windows-amd64)
# No core dump will be written. Minidumps are not enabled by default on client versions of Windows
#

---------------  S U M M A R Y ------------

Command Line: --enable-preview -javaagent:C:\Program Files\JetBrains\IntelliJ IDEA 2023.3.4\lib\idea_rt.jar=57244:C:\Program Files\JetBrains\IntelliJ IDEA 2023.3.4\bin -Dfile.encoding=UTF-8 -Dsun.stdout.encoding=UTF-8 -Dsun.stderr.encoding=UTF-8 com.vector.editor.view.MainFrame

Host: Intel(R) Core(TM) i3-6100U CPU @ 2.30GHz, 4 cores, 7G,  Windows 10 , 64 bit Build 19041 (10.0.19041.5794)
Time: Sat Jun  7 16:36:23 2025  Windows 10 , 64 bit Build 19041 (10.0.19041.5794) elapsed time: 780.611237 seconds (0d 0h 13m 0s)

---------------  T H R E A D  ---------------

Current thread (0x00000210ee98f5f0):  JavaThread "C2 CompilerThread0" daemon [_thread_in_native, id=3616, stack(0x000000c656d00000,0x000000c656e00000) (1024K)]


Current CompileTask:
C2:780611 1470   !   4       sun.awt.AppContext::get (123 bytes)

Stack: [0x000000c656d00000,0x000000c656e00000]
Native frames: (J=compiled Java code, j=interpreted, Vv=VM code, C=native code)
V  [jvm.dll+0x6e2279]  (no source info available)
V  [jvm.dll+0x874e33]  (no source info available)
V  [jvm.dll+0x87725e]  (no source info available)
V  [jvm.dll+0x877933]  (no source info available)
V  [jvm.dll+0x27fd76]  (no source info available)
V  [jvm.dll+0xc3d0f]  (no source info available)
V  [jvm.dll+0xc3f6b]  (no source info available)
V  [jvm.dll+0x3bb0d2]  (no source info available)
V  [jvm.dll+0x1df67c]  (no source info available)
V  [jvm.dll+0x247a5c]  (no source info available)
V  [jvm.dll+0x246fbf]  (no source info available)
V  [jvm.dll+0x1c4e90]  (no source info available)
V  [jvm.dll+0x2569fe]  (no source info available)
V  [jvm.dll+0x254cba]  (no source info available)
V  [jvm.dll+0x3f5336]  (no source info available)
V  [jvm.dll+0x81d44b]  (no source info available)
V  [jvm.dll+0x6e0915]  (no source info available)
C  [ucrtbase.dll+0x21bb2]  (no source info available)
C  [KERNEL32.DLL+0x17374]  (no source info available)
C  [ntdll.dll+0x4cc91]  (no source info available)


---------------  P R O C E S S  ---------------

Threads class SMR info:
_java_thread_list=0x00000210c77241a0, length=17, elements={
0x00000210ee976060, 0x00000210ee978d90, 0x00000210ee97d010, 0x00000210ee97da70,
0x00000210ee97e4d0, 0x00000210ee984440, 0x00000210ee98f5f0, 0x00000210ee9900a0,
0x00000210ee943290, 0x00000210c528fde0, 0x00000210c5290450, 0x00000210c5398ad0,
0x00000210c53995c0, 0x00000210c539e630, 0x00000210c53ae710, 0x00000210d08c27f0,
0x00000210c82603b0
}

Java Threads: ( => current thread )
  0x00000210ee976060 JavaThread "Reference Handler"          daemon [_thread_blocked, id=23544, stack(0x000000c656700000,0x000000c656800000) (1024K)]
  0x00000210ee978d90 JavaThread "Finalizer"                  daemon [_thread_blocked, id=11720, stack(0x000000c656800000,0x000000c656900000) (1024K)]
  0x00000210ee97d010 JavaThread "Signal Dispatcher"          daemon [_thread_blocked, id=12412, stack(0x000000c656900000,0x000000c656a00000) (1024K)]
  0x00000210ee97da70 JavaThread "Attach Listener"            daemon [_thread_blocked, id=19760, stack(0x000000c656a00000,0x000000c656b00000) (1024K)]
  0x00000210ee97e4d0 JavaThread "Service Thread"             daemon [_thread_blocked, id=25588, stack(0x000000c656b00000,0x000000c656c00000) (1024K)]
  0x00000210ee984440 JavaThread "Monitor Deflation Thread"   daemon [_thread_blocked, id=17124, stack(0x000000c656c00000,0x000000c656d00000) (1024K)]
=>0x00000210ee98f5f0 JavaThread "C2 CompilerThread0"         daemon [_thread_in_native, id=3616, stack(0x000000c656d00000,0x000000c656e00000) (1024K)]
  0x00000210ee9900a0 JavaThread "C1 CompilerThread0"         daemon [_thread_blocked, id=8364, stack(0x000000c656e00000,0x000000c656f00000) (1024K)]
  0x00000210ee943290 JavaThread "Common-Cleaner"             daemon [_thread_blocked, id=15988, stack(0x000000c656f00000,0x000000c657000000) (1024K)]
  0x00000210c528fde0 JavaThread "Monitor Ctrl-Break"         daemon [_thread_in_native, id=22532, stack(0x000000c657000000,0x000000c657100000) (1024K)]
  0x00000210c5290450 JavaThread "Notification Thread"        daemon [_thread_blocked, id=15256, stack(0x000000c657100000,0x000000c657200000) (1024K)]
  0x00000210c5398ad0 JavaThread "Java2D Disposer"            daemon [_thread_blocked, id=6856, stack(0x000000c657200000,0x000000c657300000) (1024K)]
  0x00000210c53995c0 JavaThread "AWT-Shutdown"                      [_thread_blocked, id=13320, stack(0x000000c657300000,0x000000c657400000) (1024K)]
  0x00000210c539e630 JavaThread "AWT-Windows"                daemon [_thread_in_native, id=2420, stack(0x000000c657400000,0x000000c657500000) (1024K)]
  0x00000210c53ae710 JavaThread "AWT-EventQueue-0"                  [_thread_blocked, id=15640, stack(0x000000c657500000,0x000000c657600000) (1024K)]
  0x00000210d08c27f0 JavaThread "DestroyJavaVM"                     [_thread_blocked, id=19756, stack(0x000000c655f00000,0x000000c656000000) (1024K)]
  0x00000210c82603b0 JavaThread "TimerQueue"                 daemon [_thread_blocked, id=29056, stack(0x000000c657c00000,0x000000c657d00000) (1024K)]
Total: 17

Other Threads:
  0x00000210ee9596a0 VMThread "VM Thread"                           [id=31044, stack(0x000000c656600000,0x000000c656700000) (1024K)]
  0x00000210ee940880 WatcherThread "VM Periodic Task Thread"        [id=23512, stack(0x000000c656500000,0x000000c656600000) (1024K)]
  0x00000210d2a58860 WorkerThread "GC Thread#0"                     [id=19384, stack(0x000000c656000000,0x000000c656100000) (1024K)]
  0x00000210c7cc36c0 WorkerThread "GC Thread#1"                     [id=9644, stack(0x000000c657900000,0x000000c657a00000) (1024K)]
  0x00000210c725e550 WorkerThread "GC Thread#2"                     [id=25744, stack(0x000000c657a00000,0x000000c657b00000) (1024K)]
  0x00000210c7cb90c0 WorkerThread "GC Thread#3"                     [id=16548, stack(0x000000c657b00000,0x000000c657c00000) (1024K)]
  0x00000210d098de60 ConcurrentGCThread "G1 Main Marker"            [id=16452, stack(0x000000c656100000,0x000000c656200000) (1024K)]
  0x00000210d098e880 WorkerThread "G1 Conc#0"                       [id=4944, stack(0x000000c656200000,0x000000c656300000) (1024K)]
  0x00000210ee8120c0 ConcurrentGCThread "G1 Refine#0"               [id=33496, stack(0x000000c656300000,0x000000c656400000) (1024K)]
  0x00000210ee812a50 ConcurrentGCThread "G1 Service"                [id=13892, stack(0x000000c656400000,0x000000c656500000) (1024K)]
Total: 10

Threads with active compile tasks:
C2 CompilerThread0  780762 1470   !   4       sun.awt.AppContext::get (123 bytes)
Total: 1

VM state: not at safepoint (normal execution)

VM Mutex/Monitor currently owned by a thread: None

Heap address: 0x0000000082200000, size: 2014 MB, Compressed Oops mode: 32-bit

CDS archive(s) mapped at: [0x0000021080000000-0x0000021080c50000-0x0000021080c50000), size 12910592, SharedBaseAddress: 0x0000021080000000, ArchiveRelocationMode: 1.
Compressed class space mapped at: 0x0000021081000000-0x00000210c1000000, reserved size: 1073741824
Narrow klass base: 0x0000021080000000, Narrow klass shift: 0, Narrow klass range: 0x41000000

GC Precious Log:
 CardTable entry size: 512
 Card Set container configuration: InlinePtr #cards 5 size 8 Array Of Cards #cards 12 size 40 Howl #buckets 4 coarsen threshold 1843 Howl Bitmap #cards 512 size 80 coarsen threshold 460 Card regions per heap region 1 cards per card region 2048
 CPUs: 4 total, 4 available
 Memory: 8055M
 Large Page Support: Disabled
 NUMA Support: Disabled
 Compressed Oops: Enabled (32-bit)
 Heap Region Size: 1M
 Heap Min Capacity: 8M
 Heap Initial Capacity: 126M
 Heap Max Capacity: 2014M
 Pre-touch: Disabled
 Parallel Workers: 4
 Concurrent Workers: 1
 Concurrent Refinement Workers: 4
 Periodic GC: Disabled

Heap:
 garbage-first heap   total reserved 2062336K, committed 129024K, used 29361K [0x0000000082200000, 0x0000000100000000)
  region size 1024K, 9 young (9216K), 2 survivors (2048K)
 Metaspace       used 10674K, committed 10944K, reserved 1114112K
  class space    used 1222K, committed 1344K, reserved 1048576K

Heap Regions: E=young(eden), S=young(survivor), O=old, HS=humongous(starts), HC=humongous(continues), CS=collection set, F=free, TAMS=top-at-mark-start, PB=parsable bottom
|   0|0x0000000082200000, 0x0000000082300000, 0x0000000082300000|100%|HS|  |TAMS 0x0000000082200000| PB 0x0000000082200000| Complete |  0
|   1|0x0000000082300000, 0x0000000082400000, 0x0000000082400000|100%|HC|  |TAMS 0x0000000082300000| PB 0x0000000082300000| Complete |  0
|   2|0x0000000082400000, 0x0000000082500000, 0x0000000082500000|100%|HS|  |TAMS 0x0000000082400000| PB 0x0000000082400000| Complete |  0
|   3|0x0000000082500000, 0x0000000082600000, 0x0000000082600000|100%|HC|  |TAMS 0x0000000082500000| PB 0x0000000082500000| Complete |  0
|   4|0x0000000082600000, 0x0000000082700000, 0x0000000082700000|100%|HS|  |TAMS 0x0000000082600000| PB 0x0000000082600000| Complete |  0
|   5|0x0000000082700000, 0x0000000082800000, 0x0000000082800000|100%|HC|  |TAMS 0x0000000082700000| PB 0x0000000082700000| Complete |  0
|   6|0x0000000082800000, 0x0000000082900000, 0x0000000082900000|100%|HS|  |TAMS 0x0000000082800000| PB 0x0000000082800000| Complete |  0
|   7|0x0000000082900000, 0x0000000082a00000, 0x0000000082a00000|100%|HC|  |TAMS 0x0000000082900000| PB 0x0000000082900000| Complete |  0
|   8|0x0000000082a00000, 0x0000000082b00000, 0x0000000082b00000|100%|HS|  |TAMS 0x0000000082a00000| PB 0x0000000082a00000| Complete |  0
|   9|0x0000000082b00000, 0x0000000082c00000, 0x0000000082c00000|100%|HC|  |TAMS 0x0000000082b00000| PB 0x0000000082b00000| Complete |  0
|  10|0x0000000082c00000, 0x0000000082d00000, 0x0000000082d00000|100%|HS|  |TAMS 0x0000000082c00000| PB 0x0000000082c00000| Complete |  0
|  11|0x0000000082d00000, 0x0000000082e00000, 0x0000000082e00000|100%|HC|  |TAMS 0x0000000082d00000| PB 0x0000000082d00000| Complete |  0
|  12|0x0000000082e00000, 0x0000000082eac620, 0x0000000082f00000| 67%| O|  |TAMS 0x0000000082e00000| PB 0x0000000082e00000| Untracked |  0
|  13|0x0000000082f00000, 0x0000000083000000, 0x0000000083000000|100%|HS|  |TAMS 0x0000000082f00000| PB 0x0000000082f00000| Complete |  0
|  14|0x0000000083000000, 0x0000000083100000, 0x0000000083100000|100%|HC|  |TAMS 0x0000000083000000| PB 0x0000000083000000| Complete |  0
|  15|0x0000000083100000, 0x0000000083200000, 0x0000000083200000|100%|HS|  |TAMS 0x0000000083100000| PB 0x0000000083100000| Complete |  0
|  16|0x0000000083200000, 0x0000000083300000, 0x0000000083300000|100%|HC|  |TAMS 0x0000000083200000| PB 0x0000000083200000| Complete |  0
|  17|0x0000000083300000, 0x0000000083400000, 0x0000000083400000|100%|HC|  |TAMS 0x0000000083300000| PB 0x0000000083300000| Complete |  0
|  18|0x0000000083400000, 0x0000000083500000, 0x0000000083500000|100%|HC|  |TAMS 0x0000000083400000| PB 0x0000000083400000| Complete |  0
|  19|0x0000000083500000, 0x0000000083600000, 0x0000000083600000|100%|HC|  |TAMS 0x0000000083500000| PB 0x0000000083500000| Complete |  0
|  20|0x0000000083600000, 0x0000000083700000, 0x0000000083700000|100%|HC|  |TAMS 0x0000000083600000| PB 0x0000000083600000| Complete |  0
|  21|0x0000000083700000, 0x0000000083700000, 0x0000000083800000|  0%| F|  |TAMS 0x0000000083700000| PB 0x0000000083700000| Untracked |  0
|  22|0x0000000083800000, 0x0000000083800000, 0x0000000083900000|  0%| F|  |TAMS 0x0000000083800000| PB 0x0000000083800000| Untracked |  0
|  23|0x0000000083900000, 0x0000000083900000, 0x0000000083a00000|  0%| F|  |TAMS 0x0000000083900000| PB 0x0000000083900000| Untracked |  0
|  24|0x0000000083a00000, 0x0000000083a00000, 0x0000000083b00000|  0%| F|  |TAMS 0x0000000083a00000| PB 0x0000000083a00000| Untracked |  0
|  25|0x0000000083b00000, 0x0000000083b00000, 0x0000000083c00000|  0%| F|  |TAMS 0x0000000083b00000| PB 0x0000000083b00000| Untracked |  0
|  26|0x0000000083c00000, 0x0000000083c00000, 0x0000000083d00000|  0%| F|  |TAMS 0x0000000083c00000| PB 0x0000000083c00000| Untracked |  0
|  27|0x0000000083d00000, 0x0000000083d00000, 0x0000000083e00000|  0%| F|  |TAMS 0x0000000083d00000| PB 0x0000000083d00000| Untracked |  0
|  28|0x0000000083e00000, 0x0000000083e00000, 0x0000000083f00000|  0%| F|  |TAMS 0x0000000083e00000| PB 0x0000000083e00000| Untracked |  0
|  29|0x0000000083f00000, 0x0000000083f00000, 0x0000000084000000|  0%| F|  |TAMS 0x0000000083f00000| PB 0x0000000083f00000| Untracked |  0
|  30|0x0000000084000000, 0x0000000084000000, 0x0000000084100000|  0%| F|  |TAMS 0x0000000084000000| PB 0x0000000084000000| Untracked |  0
|  31|0x0000000084100000, 0x0000000084100000, 0x0000000084200000|  0%| F|  |TAMS 0x0000000084100000| PB 0x0000000084100000| Untracked |  0
|  32|0x0000000084200000, 0x0000000084200000, 0x0000000084300000|  0%| F|  |TAMS 0x0000000084200000| PB 0x0000000084200000| Untracked |  0
|  33|0x0000000084300000, 0x0000000084300000, 0x0000000084400000|  0%| F|  |TAMS 0x0000000084300000| PB 0x0000000084300000| Untracked |  0
|  34|0x0000000084400000, 0x0000000084400000, 0x0000000084500000|  0%| F|  |TAMS 0x0000000084400000| PB 0x0000000084400000| Untracked |  0
|  35|0x0000000084500000, 0x0000000084500000, 0x0000000084600000|  0%| F|  |TAMS 0x0000000084500000| PB 0x0000000084500000| Untracked |  0
|  36|0x0000000084600000, 0x0000000084600000, 0x0000000084700000|  0%| F|  |TAMS 0x0000000084600000| PB 0x0000000084600000| Untracked |  0
|  37|0x0000000084700000, 0x0000000084700000, 0x0000000084800000|  0%| F|  |TAMS 0x0000000084700000| PB 0x0000000084700000| Untracked |  0
|  38|0x0000000084800000, 0x0000000084800000, 0x0000000084900000|  0%| F|  |TAMS 0x0000000084800000| PB 0x0000000084800000| Untracked |  0
|  39|0x0000000084900000, 0x0000000084900000, 0x0000000084a00000|  0%| F|  |TAMS 0x0000000084900000| PB 0x0000000084900000| Untracked |  0
|  40|0x0000000084a00000, 0x0000000084a00000, 0x0000000084b00000|  0%| F|  |TAMS 0x0000000084a00000| PB 0x0000000084a00000| Untracked |  0
|  41|0x0000000084b00000, 0x0000000084b00000, 0x0000000084c00000|  0%| F|  |TAMS 0x0000000084b00000| PB 0x0000000084b00000| Untracked |  0
|  42|0x0000000084c00000, 0x0000000084c00000, 0x0000000084d00000|  0%| F|  |TAMS 0x0000000084c00000| PB 0x0000000084c00000| Untracked |  0
|  43|0x0000000084d00000, 0x0000000084d00000, 0x0000000084e00000|  0%| F|  |TAMS 0x0000000084d00000| PB 0x0000000084d00000| Untracked |  0
|  44|0x0000000084e00000, 0x0000000084e00000, 0x0000000084f00000|  0%| F|  |TAMS 0x0000000084e00000| PB 0x0000000084e00000| Untracked |  0
|  45|0x0000000084f00000, 0x0000000084f00000, 0x0000000085000000|  0%| F|  |TAMS 0x0000000084f00000| PB 0x0000000084f00000| Untracked |  0
|  46|0x0000000085000000, 0x0000000085000000, 0x0000000085100000|  0%| F|  |TAMS 0x0000000085000000| PB 0x0000000085000000| Untracked |  0
|  47|0x0000000085100000, 0x0000000085100000, 0x0000000085200000|  0%| F|  |TAMS 0x0000000085100000| PB 0x0000000085100000| Untracked |  0
|  48|0x0000000085200000, 0x0000000085200000, 0x0000000085300000|  0%| F|  |TAMS 0x0000000085200000| PB 0x0000000085200000| Untracked |  0
|  49|0x0000000085300000, 0x0000000085300000, 0x0000000085400000|  0%| F|  |TAMS 0x0000000085300000| PB 0x0000000085300000| Untracked |  0
|  50|0x0000000085400000, 0x0000000085400000, 0x0000000085500000|  0%| F|  |TAMS 0x0000000085400000| PB 0x0000000085400000| Untracked |  0
|  51|0x0000000085500000, 0x0000000085500000, 0x0000000085600000|  0%| F|  |TAMS 0x0000000085500000| PB 0x0000000085500000| Untracked |  0
|  52|0x0000000085600000, 0x0000000085600000, 0x0000000085700000|  0%| F|  |TAMS 0x0000000085600000| PB 0x0000000085600000| Untracked |  0
|  53|0x0000000085700000, 0x0000000085700000, 0x0000000085800000|  0%| F|  |TAMS 0x0000000085700000| PB 0x0000000085700000| Untracked |  0
|  54|0x0000000085800000, 0x0000000085800000, 0x0000000085900000|  0%| F|  |TAMS 0x0000000085800000| PB 0x0000000085800000| Untracked |  0
|  55|0x0000000085900000, 0x0000000085900000, 0x0000000085a00000|  0%| F|  |TAMS 0x0000000085900000| PB 0x0000000085900000| Untracked |  0
|  56|0x0000000085a00000, 0x0000000085a00000, 0x0000000085b00000|  0%| F|  |TAMS 0x0000000085a00000| PB 0x0000000085a00000| Untracked |  0
|  57|0x0000000085b00000, 0x0000000085b00000, 0x0000000085c00000|  0%| F|  |TAMS 0x0000000085b00000| PB 0x0000000085b00000| Untracked |  0
|  58|0x0000000085c00000, 0x0000000085c00000, 0x0000000085d00000|  0%| F|  |TAMS 0x0000000085c00000| PB 0x0000000085c00000| Untracked |  0
|  59|0x0000000085d00000, 0x0000000085d00000, 0x0000000085e00000|  0%| F|  |TAMS 0x0000000085d00000| PB 0x0000000085d00000| Untracked |  0
|  60|0x0000000085e00000, 0x0000000085e00000, 0x0000000085f00000|  0%| F|  |TAMS 0x0000000085e00000| PB 0x0000000085e00000| Untracked |  0
|  61|0x0000000085f00000, 0x0000000085f00000, 0x0000000086000000|  0%| F|  |TAMS 0x0000000085f00000| PB 0x0000000085f00000| Untracked |  0
|  62|0x0000000086000000, 0x0000000086000000, 0x0000000086100000|  0%| F|  |TAMS 0x0000000086000000| PB 0x0000000086000000| Untracked |  0
|  63|0x0000000086100000, 0x0000000086100000, 0x0000000086200000|  0%| F|  |TAMS 0x0000000086100000| PB 0x0000000086100000| Untracked |  0
|  64|0x0000000086200000, 0x0000000086200000, 0x0000000086300000|  0%| F|  |TAMS 0x0000000086200000| PB 0x0000000086200000| Untracked |  0
|  65|0x0000000086300000, 0x0000000086300000, 0x0000000086400000|  0%| F|  |TAMS 0x0000000086300000| PB 0x0000000086300000| Untracked |  0
|  66|0x0000000086400000, 0x0000000086400000, 0x0000000086500000|  0%| F|  |TAMS 0x0000000086400000| PB 0x0000000086400000| Untracked |  0
|  67|0x0000000086500000, 0x0000000086500000, 0x0000000086600000|  0%| F|  |TAMS 0x0000000086500000| PB 0x0000000086500000| Untracked |  0
|  68|0x0000000086600000, 0x0000000086600000, 0x0000000086700000|  0%| F|  |TAMS 0x0000000086600000| PB 0x0000000086600000| Untracked |  0
|  69|0x0000000086700000, 0x0000000086700000, 0x0000000086800000|  0%| F|  |TAMS 0x0000000086700000| PB 0x0000000086700000| Untracked |  0
|  70|0x0000000086800000, 0x0000000086800000, 0x0000000086900000|  0%| F|  |TAMS 0x0000000086800000| PB 0x0000000086800000| Untracked |  0
|  71|0x0000000086900000, 0x0000000086900000, 0x0000000086a00000|  0%| F|  |TAMS 0x0000000086900000| PB 0x0000000086900000| Untracked |  0
|  72|0x0000000086a00000, 0x0000000086a00000, 0x0000000086b00000|  0%| F|  |TAMS 0x0000000086a00000| PB 0x0000000086a00000| Untracked |  0
|  73|0x0000000086b00000, 0x0000000086b00000, 0x0000000086c00000|  0%| F|  |TAMS 0x0000000086b00000| PB 0x0000000086b00000| Untracked |  0
|  74|0x0000000086c00000, 0x0000000086c00000, 0x0000000086d00000|  0%| F|  |TAMS 0x0000000086c00000| PB 0x0000000086c00000| Untracked |  0
|  75|0x0000000086d00000, 0x0000000086d00000, 0x0000000086e00000|  0%| F|  |TAMS 0x0000000086d00000| PB 0x0000000086d00000| Untracked |  0
|  76|0x0000000086e00000, 0x0000000086e00000, 0x0000000086f00000|  0%| F|  |TAMS 0x0000000086e00000| PB 0x0000000086e00000| Untracked |  0
|  77|0x0000000086f00000, 0x0000000086f00000, 0x0000000087000000|  0%| F|  |TAMS 0x0000000086f00000| PB 0x0000000086f00000| Untracked |  0
|  78|0x0000000087000000, 0x0000000087000000, 0x0000000087100000|  0%| F|  |TAMS 0x0000000087000000| PB 0x0000000087000000| Untracked |  0
|  79|0x0000000087100000, 0x0000000087100000, 0x0000000087200000|  0%| F|  |TAMS 0x0000000087100000| PB 0x0000000087100000| Untracked |  0
|  80|0x0000000087200000, 0x0000000087200000, 0x0000000087300000|  0%| F|  |TAMS 0x0000000087200000| PB 0x0000000087200000| Untracked |  0
|  81|0x0000000087300000, 0x0000000087300000, 0x0000000087400000|  0%| F|  |TAMS 0x0000000087300000| PB 0x0000000087300000| Untracked |  0
|  82|0x0000000087400000, 0x0000000087400000, 0x0000000087500000|  0%| F|  |TAMS 0x0000000087400000| PB 0x0000000087400000| Untracked |  0
|  83|0x0000000087500000, 0x0000000087500000, 0x0000000087600000|  0%| F|  |TAMS 0x0000000087500000| PB 0x0000000087500000| Untracked |  0
|  84|0x0000000087600000, 0x0000000087600000, 0x0000000087700000|  0%| F|  |TAMS 0x0000000087600000| PB 0x0000000087600000| Untracked |  0
|  85|0x0000000087700000, 0x0000000087700000, 0x0000000087800000|  0%| F|  |TAMS 0x0000000087700000| PB 0x0000000087700000| Untracked |  0
|  86|0x0000000087800000, 0x0000000087800000, 0x0000000087900000|  0%| F|  |TAMS 0x0000000087800000| PB 0x0000000087800000| Untracked |  0
|  87|0x0000000087900000, 0x0000000087900000, 0x0000000087a00000|  0%| F|  |TAMS 0x0000000087900000| PB 0x0000000087900000| Untracked |  0
|  88|0x0000000087a00000, 0x0000000087a00000, 0x0000000087b00000|  0%| F|  |TAMS 0x0000000087a00000| PB 0x0000000087a00000| Untracked |  0
|  89|0x0000000087b00000, 0x0000000087b00000, 0x0000000087c00000|  0%| F|  |TAMS 0x0000000087b00000| PB 0x0000000087b00000| Untracked |  0
|  90|0x0000000087c00000, 0x0000000087c00000, 0x0000000087d00000|  0%| F|  |TAMS 0x0000000087c00000| PB 0x0000000087c00000| Untracked |  0
|  91|0x0000000087d00000, 0x0000000087d00000, 0x0000000087e00000|  0%| F|  |TAMS 0x0000000087d00000| PB 0x0000000087d00000| Untracked |  0
|  92|0x0000000087e00000, 0x0000000087e00000, 0x0000000087f00000|  0%| F|  |TAMS 0x0000000087e00000| PB 0x0000000087e00000| Untracked |  0
|  93|0x0000000087f00000, 0x0000000087f00000, 0x0000000088000000|  0%| F|  |TAMS 0x0000000087f00000| PB 0x0000000087f00000| Untracked |  0
|  94|0x0000000088000000, 0x0000000088000000, 0x0000000088100000|  0%| F|  |TAMS 0x0000000088000000| PB 0x0000000088000000| Untracked |  0
|  95|0x0000000088100000, 0x0000000088100000, 0x0000000088200000|  0%| F|  |TAMS 0x0000000088100000| PB 0x0000000088100000| Untracked |  0
|  96|0x0000000088200000, 0x0000000088200000, 0x0000000088300000|  0%| F|  |TAMS 0x0000000088200000| PB 0x0000000088200000| Untracked |  0
|  97|0x0000000088300000, 0x0000000088300000, 0x0000000088400000|  0%| F|  |TAMS 0x0000000088300000| PB 0x0000000088300000| Untracked |  0
|  98|0x0000000088400000, 0x0000000088400000, 0x0000000088500000|  0%| F|  |TAMS 0x0000000088400000| PB 0x0000000088400000| Untracked |  0
|  99|0x0000000088500000, 0x0000000088500000, 0x0000000088600000|  0%| F|  |TAMS 0x0000000088500000| PB 0x0000000088500000| Untracked |  0
| 100|0x0000000088600000, 0x0000000088600000, 0x0000000088700000|  0%| F|  |TAMS 0x0000000088600000| PB 0x0000000088600000| Untracked |  0
| 101|0x0000000088700000, 0x0000000088700000, 0x0000000088800000|  0%| F|  |TAMS 0x0000000088700000| PB 0x0000000088700000| Untracked |  0
| 102|0x0000000088800000, 0x0000000088800000, 0x0000000088900000|  0%| F|  |TAMS 0x0000000088800000| PB 0x0000000088800000| Untracked |  0
| 103|0x0000000088900000, 0x0000000088900000, 0x0000000088a00000|  0%| F|  |TAMS 0x0000000088900000| PB 0x0000000088900000| Untracked |  0
| 104|0x0000000088a00000, 0x0000000088a00000, 0x0000000088b00000|  0%| F|  |TAMS 0x0000000088a00000| PB 0x0000000088a00000| Untracked |  0
| 105|0x0000000088b00000, 0x0000000088b00000, 0x0000000088c00000|  0%| F|  |TAMS 0x0000000088b00000| PB 0x0000000088b00000| Untracked |  0
| 106|0x0000000088c00000, 0x0000000088c00000, 0x0000000088d00000|  0%| F|  |TAMS 0x0000000088c00000| PB 0x0000000088c00000| Untracked |  0
| 107|0x0000000088d00000, 0x0000000088d00000, 0x0000000088e00000|  0%| F|  |TAMS 0x0000000088d00000| PB 0x0000000088d00000| Untracked |  0
| 108|0x0000000088e00000, 0x0000000088e00000, 0x0000000088f00000|  0%| F|  |TAMS 0x0000000088e00000| PB 0x0000000088e00000| Untracked |  0
| 109|0x0000000088f00000, 0x0000000088f00000, 0x0000000089000000|  0%| F|  |TAMS 0x0000000088f00000| PB 0x0000000088f00000| Untracked |  0
| 110|0x0000000089000000, 0x0000000089100000, 0x0000000089100000|100%| S|CS|TAMS 0x0000000089000000| PB 0x0000000089000000| Complete |  0
| 111|0x0000000089100000, 0x0000000089200000, 0x0000000089200000|100%| S|CS|TAMS 0x0000000089100000| PB 0x0000000089100000| Complete |  0
| 112|0x0000000089200000, 0x0000000089200000, 0x0000000089300000|  0%| F|  |TAMS 0x0000000089200000| PB 0x0000000089200000| Untracked |  0
| 113|0x0000000089300000, 0x0000000089300000, 0x0000000089400000|  0%| F|  |TAMS 0x0000000089300000| PB 0x0000000089300000| Untracked |  0
| 114|0x0000000089400000, 0x0000000089400000, 0x0000000089500000|  0%| F|  |TAMS 0x0000000089400000| PB 0x0000000089400000| Untracked |  0
| 115|0x0000000089500000, 0x0000000089500000, 0x0000000089600000|  0%| F|  |TAMS 0x0000000089500000| PB 0x0000000089500000| Untracked |  0
| 116|0x0000000089600000, 0x0000000089600000, 0x0000000089700000|  0%| F|  |TAMS 0x0000000089600000| PB 0x0000000089600000| Untracked |  0
| 117|0x0000000089700000, 0x0000000089700000, 0x0000000089800000|  0%| F|  |TAMS 0x0000000089700000| PB 0x0000000089700000| Untracked |  0
| 118|0x0000000089800000, 0x0000000089800000, 0x0000000089900000|  0%| F|  |TAMS 0x0000000089800000| PB 0x0000000089800000| Untracked |  0
| 119|0x0000000089900000, 0x00000000899a0770, 0x0000000089a00000| 62%| E|  |TAMS 0x0000000089900000| PB 0x0000000089900000| Complete |  0
| 120|0x0000000089a00000, 0x0000000089b00000, 0x0000000089b00000|100%| E|CS|TAMS 0x0000000089a00000| PB 0x0000000089a00000| Complete |  0
| 121|0x0000000089b00000, 0x0000000089c00000, 0x0000000089c00000|100%| E|CS|TAMS 0x0000000089b00000| PB 0x0000000089b00000| Complete |  0
| 122|0x0000000089c00000, 0x0000000089d00000, 0x0000000089d00000|100%| E|CS|TAMS 0x0000000089c00000| PB 0x0000000089c00000| Complete |  0
| 123|0x0000000089d00000, 0x0000000089e00000, 0x0000000089e00000|100%| E|CS|TAMS 0x0000000089d00000| PB 0x0000000089d00000| Complete |  0
| 124|0x0000000089e00000, 0x0000000089f00000, 0x0000000089f00000|100%| E|CS|TAMS 0x0000000089e00000| PB 0x0000000089e00000| Complete |  0
| 125|0x0000000089f00000, 0x000000008a000000, 0x000000008a000000|100%| E|CS|TAMS 0x0000000089f00000| PB 0x0000000089f00000| Complete |  0

Card table byte_map: [0x00000210ea140000,0x00000210ea530000] _byte_map_base: 0x00000210e9d2f000

Marking Bits: (CMBitMap*) 0x00000210d2a59e90
 Bits: [0x00000210ea530000, 0x00000210ec4a8000)

Polling page: 0x00000210d0880000

Metaspace:

Usage:
  Non-class:      9.23 MB used.
      Class:      1.19 MB used.
       Both:     10.42 MB used.

Virtual space:
  Non-class space:       64.00 MB reserved,       9.38 MB ( 15%) committed,  1 nodes.
      Class space:        1.00 GB reserved,       1.31 MB ( <1%) committed,  1 nodes.
             Both:        1.06 GB reserved,      10.69 MB ( <1%) committed. 

Chunk freelists:
   Non-Class:  6.48 MB
       Class:  14.72 MB
        Both:  21.20 MB

MaxMetaspaceSize: unlimited
CompressedClassSpaceSize: 1.00 GB
Initial GC threshold: 21.00 MB
Current GC threshold: 21.00 MB
CDS: on
 - commit_granule_bytes: 65536.
 - commit_granule_words: 8192.
 - virtual_space_node_default_size: 8388608.
 - enlarge_chunks_in_place: 1.
 - use_allocation_guard: 0.


Internal statistics:

num_allocs_failed_limit: 0.
num_arena_births: 182.
num_arena_deaths: 0.
num_vsnodes_births: 2.
num_vsnodes_deaths: 0.
num_space_committed: 171.
num_space_uncommitted: 0.
num_chunks_returned_to_freelist: 0.
num_chunks_taken_from_freelist: 252.
num_chunk_merges: 0.
num_chunk_splits: 150.
num_chunks_enlarged: 70.
num_inconsistent_stats: 0.

CodeHeap 'non-profiled nmethods': size=120000Kb used=671Kb max_used=671Kb free=119328Kb
 bounds [0x00000210e2820000, 0x00000210e2a90000, 0x00000210e9d50000]
CodeHeap 'profiled nmethods': size=120000Kb used=2482Kb max_used=2482Kb free=117517Kb
 bounds [0x00000210dad50000, 0x00000210dafc0000, 0x00000210e2280000]
CodeHeap 'non-nmethods': size=5760Kb used=1639Kb max_used=1674Kb free=4120Kb
 bounds [0x00000210e2280000, 0x00000210e24f0000, 0x00000210e2820000]
 total_blobs=2162 nmethods=1472 adapters=595
 compilation: enabled
              stopped_count=0, restarted_count=0
 full_count=0

Compilation events (20 events):
Event: 780.508 Thread 0x00000210ee9900a0 nmethod 1461 0x00000210dafb3b10 code [0x00000210dafb3d80, 0x00000210dafb4620]
Event: 780.508 Thread 0x00000210ee9900a0 1460   !   3       java.awt.EventDispatchThread::pumpOneEventForFilters (106 bytes)
Event: 780.510 Thread 0x00000210ee9900a0 nmethod 1460 0x00000210dafb4a10 code [0x00000210dafb4cc0, 0x00000210dafb5840]
Event: 780.510 Thread 0x00000210ee9900a0 1463       3       java.awt.EventDispatchThread$HierarchyEventFilter::acceptEvent (225 bytes)
Event: 780.512 Thread 0x00000210ee9900a0 nmethod 1463 0x00000210dafb5f10 code [0x00000210dafb6180, 0x00000210dafb7290]
Event: 780.512 Thread 0x00000210ee9900a0 1464       3       sun.awt.dnd.SunDragSourceContextPeer::checkEvent (29 bytes)
Event: 780.513 Thread 0x00000210ee9900a0 nmethod 1464 0x00000210dafb7590 code [0x00000210dafb7740, 0x00000210dafb7b80]
Event: 780.544 Thread 0x00000210ee9900a0 1465   !   3       java.awt.event.InvocationEvent::dispatch (69 bytes)
Event: 780.545 Thread 0x00000210ee9900a0 nmethod 1465 0x00000210dafb7c10 code [0x00000210dafb7e00, 0x00000210dafb8460]
Event: 780.553 Thread 0x00000210ee9900a0 1466       3       sun.awt.WeakIdentityHashMap::get (19 bytes)
Event: 780.553 Thread 0x00000210ee9900a0 nmethod 1466 0x00000210dafb8690 code [0x00000210dafb88c0, 0x00000210dafb9070]
Event: 780.554 Thread 0x00000210ee9900a0 1467       3       sun.awt.WeakIdentityHashMap::getMap (31 bytes)
Event: 780.554 Thread 0x00000210ee9900a0 nmethod 1467 0x00000210dafb9310 code [0x00000210dafb94e0, 0x00000210dafb9838]
Event: 780.554 Thread 0x00000210ee9900a0 1468       3       sun.awt.WeakIdentityHashMap$WeakKey::<init> (15 bytes)
Event: 780.554 Thread 0x00000210ee9900a0 nmethod 1468 0x00000210dafb9990 code [0x00000210dafb9b60, 0x00000210dafb9ec0]
Event: 780.568 Thread 0x00000210ee9900a0 1469   !   3       sun.awt.GlobalCursorManager$NativeUpdater::run (43 bytes)
Event: 780.569 Thread 0x00000210ee9900a0 nmethod 1469 0x00000210dafba010 code [0x00000210dafba1c0, 0x00000210dafba478]
Event: 780.582 Thread 0x00000210ee98f5f0 1470   !   4       sun.awt.AppContext::get (123 bytes)
Event: 780.582 Thread 0x00000210ee9900a0 1471       3       java.awt.EventQueue::coalesceMouseEvent (44 bytes)
Event: 780.582 Thread 0x00000210ee9900a0 nmethod 1471 0x00000210dafba590 code [0x00000210dafba760, 0x00000210dafbaba8]

GC Heap History (2 events):
Event: 1.617 GC heap before
{Heap before GC invocations=0 (full 0):
 garbage-first heap   total reserved 2062336K, committed 129024K, used 26624K [0x0000000082200000, 0x0000000100000000)
  region size 1024K, 14 young (14336K), 0 survivors (0K)
 Metaspace       used 6040K, committed 6272K, reserved 1114112K
  class space    used 664K, committed 768K, reserved 1048576K
}
Event: 1.627 GC heap after
{Heap after GC invocations=1 (full 0):
 garbage-first heap   total reserved 2062336K, committed 129024K, used 15025K [0x0000000082200000, 0x0000000100000000)
  region size 1024K, 2 young (2048K), 2 survivors (2048K)
 Metaspace       used 6040K, committed 6272K, reserved 1114112K
  class space    used 664K, committed 768K, reserved 1048576K
}

Dll operation events (13 events):
Event: 0.069 Loaded shared library C:\Users\Pss\.jdks\openjdk-22.0.1\bin\java.dll
Event: 0.168 Loaded shared library C:\Users\Pss\.jdks\openjdk-22.0.1\bin\jsvml.dll
Event: 0.296 Loaded shared library C:\Users\Pss\.jdks\openjdk-22.0.1\bin\zip.dll
Event: 0.320 Loaded shared library C:\Users\Pss\.jdks\openjdk-22.0.1\bin\instrument.dll
Event: 0.337 Loaded shared library C:\Users\Pss\.jdks\openjdk-22.0.1\bin\net.dll
Event: 0.347 Loaded shared library C:\Users\Pss\.jdks\openjdk-22.0.1\bin\nio.dll
Event: 0.360 Loaded shared library C:\Users\Pss\.jdks\openjdk-22.0.1\bin\zip.dll
Event: 0.392 Loaded shared library C:\Program Files\JetBrains\IntelliJ IDEA 2023.3.4\bin\breakgen64.dll
Event: 0.419 Loaded shared library C:\Users\Pss\.jdks\openjdk-22.0.1\bin\extnet.dll
Event: 0.434 Loaded shared library C:\Users\Pss\.jdks\openjdk-22.0.1\bin\jimage.dll
Event: 0.483 Loaded shared library C:\Users\Pss\.jdks\openjdk-22.0.1\bin\awt.dll
Event: 2.144 Loaded shared library C:\Users\Pss\.jdks\openjdk-22.0.1\bin\freetype.dll
Event: 2.151 Loaded shared library C:\Users\Pss\.jdks\openjdk-22.0.1\bin\fontmanager.dll

Deoptimization events (20 events):
Event: 2.610 Thread 0x00000210c53ae710 Uncommon trap: trap_request=0xffffffde fr.pc=0x00000210e282bde8 relative=0x00000000000001c8
Event: 2.610 Thread 0x00000210c53ae710 Uncommon trap: reason=class_check action=maybe_recompile pc=0x00000210e282bde8 method=java.lang.String.equals(Ljava/lang/Object;)Z @ 8 c2
Event: 2.610 Thread 0x00000210c53ae710 DEOPT PACKING pc=0x00000210e282bde8 sp=0x000000c6575fdb10
Event: 2.610 Thread 0x00000210c53ae710 DEOPT UNPACKING pc=0x00000210e22d46a2 sp=0x000000c6575fda98 mode 2
Event: 2.610 Thread 0x00000210c53ae710 Uncommon trap: trap_request=0xffffffde fr.pc=0x00000210e282bde8 relative=0x00000000000001c8
Event: 2.610 Thread 0x00000210c53ae710 Uncommon trap: reason=class_check action=maybe_recompile pc=0x00000210e282bde8 method=java.lang.String.equals(Ljava/lang/Object;)Z @ 8 c2
Event: 2.610 Thread 0x00000210c53ae710 DEOPT PACKING pc=0x00000210e282bde8 sp=0x000000c6575fda90
Event: 2.610 Thread 0x00000210c53ae710 DEOPT UNPACKING pc=0x00000210e22d46a2 sp=0x000000c6575fda18 mode 2
Event: 2.611 Thread 0x00000210c53ae710 Uncommon trap: trap_request=0xffffffde fr.pc=0x00000210e282bde8 relative=0x00000000000001c8
Event: 2.611 Thread 0x00000210c53ae710 Uncommon trap: reason=class_check action=maybe_recompile pc=0x00000210e282bde8 method=java.lang.String.equals(Ljava/lang/Object;)Z @ 8 c2
Event: 2.611 Thread 0x00000210c53ae710 DEOPT PACKING pc=0x00000210e282bde8 sp=0x000000c6575fda90
Event: 2.611 Thread 0x00000210c53ae710 DEOPT UNPACKING pc=0x00000210e22d46a2 sp=0x000000c6575fda18 mode 2
Event: 5.902 Thread 0x00000210ee97da70 Uncommon trap: trap_request=0xffffff45 fr.pc=0x00000210e2878a00 relative=0x0000000000000140
Event: 5.902 Thread 0x00000210ee97da70 Uncommon trap: reason=unstable_if action=reinterpret pc=0x00000210e2878a00 method=java.util.concurrent.locks.ReentrantLock$Sync.tryRelease(I)Z @ 26 c2
Event: 5.902 Thread 0x00000210ee97da70 DEOPT PACKING pc=0x00000210e2878a00 sp=0x000000c656aff2d0
Event: 5.902 Thread 0x00000210ee97da70 DEOPT UNPACKING pc=0x00000210e22d46a2 sp=0x000000c656aff150 mode 2
Event: 5.908 Thread 0x00000210ee97da70 Uncommon trap: trap_request=0xffffff45 fr.pc=0x00000210e28643f4 relative=0x00000000000000d4
Event: 5.908 Thread 0x00000210ee97da70 Uncommon trap: reason=unstable_if action=reinterpret pc=0x00000210e28643f4 method=java.util.concurrent.locks.ReentrantLock$Sync.tryRelease(I)Z @ 26 c2
Event: 5.908 Thread 0x00000210ee97da70 DEOPT PACKING pc=0x00000210e28643f4 sp=0x000000c656aff220
Event: 5.908 Thread 0x00000210ee97da70 DEOPT UNPACKING pc=0x00000210e22d46a2 sp=0x000000c656aff1c0 mode 2

Classes loaded (20 events):
Event: 779.697 Loading class java/awt/event/MouseEvent$1
Event: 779.698 Loading class sun/awt/AWTAccessor$MouseEventAccessor
Event: 779.698 Loading class sun/awt/AWTAccessor$MouseEventAccessor done
Event: 779.698 Loading class java/awt/event/MouseEvent$1 done
Event: 779.701 Loading class java/awt/Cursor$CursorDisposer
Event: 779.701 Loading class java/awt/Cursor$CursorDisposer done
Event: 779.702 Loading class java/awt/Container$MouseEventTargetFilter
Event: 779.702 Loading class java/awt/Container$EventTargetFilter
Event: 779.702 Loading class java/awt/Container$EventTargetFilter done
Event: 779.702 Loading class java/awt/Container$MouseEventTargetFilter done
Event: 779.702 Loading class java/awt/LightweightDispatcher$1
Event: 779.702 Loading class java/awt/LightweightDispatcher$1 done
Event: 779.703 Loading class java/awt/event/MouseWheelEvent
Event: 779.703 Loading class java/awt/event/MouseWheelEvent done
Event: 780.017 Loading class javax/swing/TimerQueue$DelayedTimer
Event: 780.018 Loading class java/util/concurrent/Delayed
Event: 780.018 Loading class java/util/concurrent/Delayed done
Event: 780.018 Loading class javax/swing/TimerQueue$DelayedTimer done
Event: 780.522 Loading class javax/swing/Timer$1
Event: 780.522 Loading class javax/swing/Timer$1 done

Classes unloaded (0 events):
No events

Classes redefined (0 events):
No events

Internal exceptions (18 events):
Event: 0.362 Thread 0x00000210d08c27f0 Exception <a 'java/lang/NoSuchMethodError'{0x0000000089d96298}: 'void java.lang.invoke.DirectMethodHandle$Holder.invokeStatic(java.lang.Object, java.lang.Object, java.lang.Object)'> (0x0000000089d96298) 
thrown [s\open\src\hotspot\share\interpreter\linkResolver.cpp, line 774]
Event: 0.380 Thread 0x00000210d08c27f0 Exception <a 'java/lang/NoSuchMethodError'{0x0000000089dadd30}: 'java.lang.Object java.lang.invoke.Invokers$Holder.invokeExact_MT(java.lang.Object, java.lang.Object, java.lang.Object, java.lang.Object, java.lang.Object)'> (0x0000000089dadd30) 
thrown [s\open\src\hotspot\share\interpreter\linkResolver.cpp, line 774]
Event: 0.423 Thread 0x00000210c528fde0 Exception <a 'java/lang/NoSuchMethodError'{0x0000000089de2f48}: 'void java.lang.invoke.DirectMethodHandle$Holder.invokeStatic(java.lang.Object, java.lang.Object)'> (0x0000000089de2f48) 
thrown [s\open\src\hotspot\share\interpreter\linkResolver.cpp, line 774]
Event: 0.449 Thread 0x00000210d08c27f0 Exception <a 'java/lang/ClassNotFoundException'{0x0000000089c081f8}: sun/awt/resources/spi/awtProvider> (0x0000000089c081f8) 
thrown [s\open\src\hotspot\share\classfile\systemDictionary.cpp, line 313]
Event: 0.519 Thread 0x00000210d08c27f0 Exception <a 'java/io/FileNotFoundException'{0x0000000089c598b8}> (0x0000000089c598b8) 
thrown [s\open\src\hotspot\share\prims\jni.cpp, line 520]
Event: 0.539 Thread 0x00000210d08c27f0 Exception <a 'java/io/FileNotFoundException'{0x0000000089c879b8}> (0x0000000089c879b8) 
thrown [s\open\src\hotspot\share\prims\jni.cpp, line 520]
Event: 0.755 Thread 0x00000210c53ae710 Exception <a 'java/lang/NoSuchMethodError'{0x0000000089bc3050}: 'void java.lang.invoke.DirectMethodHandle$Holder.invokeSpecial(java.lang.Object, java.lang.Object, java.lang.Object)'> (0x0000000089bc3050) 
thrown [s\open\src\hotspot\share\interpreter\linkResolver.cpp, line 774]
Event: 0.769 Thread 0x00000210c53ae710 Exception <a 'java/lang/NoSuchMethodError'{0x0000000089a12168}: 'java.lang.Object java.lang.invoke.DirectMethodHandle$Holder.newInvokeSpecial(java.lang.Object, java.lang.Object, java.lang.Object, java.lang.Object, java.lang.Object)'> (0x0000000089a12168) 
thrown [s\open\src\hotspot\share\interpreter\linkResolver.cpp, line 774]
Event: 0.781 Thread 0x00000210c53ae710 Exception <a 'java/lang/NoSuchMethodError'{0x0000000089a3e880}: 'java.lang.Object java.lang.invoke.DirectMethodHandle$Holder.invokeStatic(java.lang.Object, int, java.lang.Object)'> (0x0000000089a3e880) 
thrown [s\open\src\hotspot\share\interpreter\linkResolver.cpp, line 774]
Event: 0.829 Thread 0x00000210c53ae710 Exception <a 'java/lang/ClassNotFoundException'{0x0000000089ae0d30}: com/sun/swing/internal/plaf/metal/resources/spi/metalProvider> (0x0000000089ae0d30) 
thrown [s\open\src\hotspot\share\classfile\systemDictionary.cpp, line 313]
Event: 0.830 Thread 0x00000210c53ae710 Exception <a 'java/lang/ClassNotFoundException'{0x0000000089ae4ce0}: com/sun/swing/internal/plaf/basic/resources/spi/basicProvider> (0x0000000089ae4ce0) 
thrown [s\open\src\hotspot\share\classfile\systemDictionary.cpp, line 313]
Event: 0.849 Thread 0x00000210c53ae710 Exception <a 'java/lang/NoSuchMethodError'{0x0000000089901668}: 'int java.lang.invoke.Invokers$Holder.invokeExact_MT(java.lang.Object, java.lang.Object)'> (0x0000000089901668) 
thrown [s\open\src\hotspot\share\interpreter\linkResolver.cpp, line 774]
Event: 1.072 Thread 0x00000210c540b550 Exception <a 'java/lang/NoSuchMethodError'{0x00000000897424b8}: 'java.lang.Object java.lang.invoke.DirectMethodHandle$Holder.newInvokeSpecial(java.lang.Object, java.lang.Object, java.lang.Object, int, int, int, int, int)'> (0x00000000897424b8) 
thrown [s\open\src\hotspot\share\interpreter\linkResolver.cpp, line 774]
Event: 1.704 Thread 0x00000210c6f2cdc0 Implicit null exception at 0x00000210e285de2a to 0x00000210e2860b6c
Event: 2.162 Thread 0x00000210c53ae710 Exception <a 'java/io/FileNotFoundException'{0x0000000089c8f538}> (0x0000000089c8f538) 
thrown [s\open\src\hotspot\share\prims\jni.cpp, line 520]
Event: 2.389 Thread 0x00000210c539e630 Exception <a 'java/lang/NoSuchMethodError'{0x0000000089b5afd8}: 'void java.lang.invoke.DirectMethodHandle$Holder.invokeVirtual(java.lang.Object, java.lang.Object)'> (0x0000000089b5afd8) 
thrown [s\open\src\hotspot\share\interpreter\linkResolver.cpp, line 774]
Event: 2.431 Thread 0x00000210c53ae710 Exception <a 'java/lang/NoSuchMethodError'{0x0000000089b8fce8}: 'void java.lang.invoke.DirectMethodHandle$Holder.invokeStaticInit(java.lang.Object)'> (0x0000000089b8fce8) 
thrown [s\open\src\hotspot\share\interpreter\linkResolver.cpp, line 774]
Event: 5.901 Thread 0x00000210ee97da70 Exception <a 'java/lang/NoSuchMethodError'{0x000000008990d420}: 'java.lang.Object java.lang.invoke.Invokers$Holder.invokeExact_MT(java.lang.Object, java.lang.Object, java.lang.Object, java.lang.Object, java.lang.Object, java.lang.Object)'> (0x000000008990d420) 
thrown [s\open\src\hotspot\share\interpreter\linkResolver.cpp, line 774]

ZGC Phase Switch (0 events):
No events

VM Operations (20 events):
Event: 2.832 Executing VM operation: HandshakeAllThreads (Deoptimize)
Event: 2.832 Executing VM operation: HandshakeAllThreads (Deoptimize) done
Event: 2.832 Executing VM operation: Cleanup
Event: 2.832 Executing VM operation: Cleanup done
Event: 2.871 Executing VM operation: HandshakeAllThreads (Deoptimize)
Event: 2.871 Executing VM operation: HandshakeAllThreads (Deoptimize) done
Event: 3.878 Executing VM operation: Cleanup
Event: 3.878 Executing VM operation: Cleanup done
Event: 6.897 Executing VM operation: Cleanup
Event: 6.897 Executing VM operation: Cleanup done
Event: 60.291 Executing VM operation: HandshakeAllThreads (HandshakeForDeflation)
Event: 60.291 Executing VM operation: HandshakeAllThreads (HandshakeForDeflation) done
Event: 60.291 Executing VM operation: RendezvousGCThreads
Event: 60.291 Executing VM operation: RendezvousGCThreads done
Event: 62.298 Executing VM operation: Cleanup
Event: 62.298 Executing VM operation: Cleanup done
Event: 121.672 Executing VM operation: Cleanup
Event: 121.672 Executing VM operation: Cleanup done
Event: 779.855 Executing VM operation: Cleanup
Event: 779.855 Executing VM operation: Cleanup done

Events (20 events):
Event: 0.163 Thread 0x00000210ee97e4d0 Thread added: 0x00000210ee97e4d0
Event: 0.163 Thread 0x00000210ee984440 Thread added: 0x00000210ee984440
Event: 0.164 Thread 0x00000210ee98f5f0 Thread added: 0x00000210ee98f5f0
Event: 0.164 Thread 0x00000210ee9900a0 Thread added: 0x00000210ee9900a0
Event: 0.224 Thread 0x00000210ee943290 Thread added: 0x00000210ee943290
Event: 0.393 Thread 0x00000210c528fde0 Thread added: 0x00000210c528fde0
Event: 0.393 Thread 0x00000210c5290450 Thread added: 0x00000210c5290450
Event: 0.641 Thread 0x00000210c5398ad0 Thread added: 0x00000210c5398ad0
Event: 0.644 Thread 0x00000210c53995c0 Thread added: 0x00000210c53995c0
Event: 0.648 Thread 0x00000210c539e630 Thread added: 0x00000210c539e630
Event: 0.700 Thread 0x00000210c53ae710 Thread added: 0x00000210c53ae710
Event: 0.700 Thread 0x00000210d08c27f0 Thread exited: 0x00000210d08c27f0
Event: 0.701 Thread 0x00000210d08c27f0 Thread added: 0x00000210d08c27f0
Event: 0.940 Thread 0x00000210c540b550 Thread added: 0x00000210c540b550
Event: 1.141 Thread 0x00000210c6e917d0 Thread added: 0x00000210c6e917d0
Event: 1.286 Thread 0x00000210c6f2cdc0 Thread added: 0x00000210c6f2cdc0
Event: 2.252 Thread 0x00000210c82603b0 Thread added: 0x00000210c82603b0
Event: 2.707 Thread 0x00000210c6e917d0 Thread exited: 0x00000210c6e917d0
Event: 6.774 Thread 0x00000210c6f2cdc0 Thread exited: 0x00000210c6f2cdc0
Event: 7.006 Thread 0x00000210c540b550 Thread exited: 0x00000210c540b550


Dynamic libraries:
0x00007ff7996f0000 - 0x00007ff7996fe000 	C:\Users\Pss\.jdks\openjdk-22.0.1\bin\java.exe
0x00007ffd6a0d0000 - 0x00007ffd6a2c8000 	C:\WINDOWS\SYSTEM32\ntdll.dll
0x00007ffd69a70000 - 0x00007ffd69b32000 	C:\WINDOWS\System32\KERNEL32.DLL
0x00007ffd67910000 - 0x00007ffd67c06000 	C:\WINDOWS\System32\KERNELBASE.dll
0x00007ffd67d50000 - 0x00007ffd67e50000 	C:\WINDOWS\System32\ucrtbase.dll
0x00007ffd61020000 - 0x00007ffd6103b000 	C:\Users\Pss\.jdks\openjdk-22.0.1\bin\VCRUNTIME140.dll
0x00007ffd60770000 - 0x00007ffd60787000 	C:\Users\Pss\.jdks\openjdk-22.0.1\bin\jli.dll
0x00007ffd68110000 - 0x00007ffd682ad000 	C:\WINDOWS\System32\USER32.dll
0x00007ffd67c90000 - 0x00007ffd67cb2000 	C:\WINDOWS\System32\win32u.dll
0x00007ffd69470000 - 0x00007ffd6949b000 	C:\WINDOWS\System32\GDI32.dll
0x00007ffd677c0000 - 0x00007ffd678da000 	C:\WINDOWS\System32\gdi32full.dll
0x00007ffd68060000 - 0x00007ffd680fd000 	C:\WINDOWS\System32\msvcp_win.dll
0x00007ffd569a0000 - 0x00007ffd56c3a000 	C:\WINDOWS\WinSxS\amd64_microsoft.windows.common-controls_6595b64144ccf1df_6.0.19041.5794_none_60bcd33171f2783c\COMCTL32.dll
0x00007ffd69c10000 - 0x00007ffd69cae000 	C:\WINDOWS\System32\msvcrt.dll
0x00007ffd69a40000 - 0x00007ffd69a6f000 	C:\WINDOWS\System32\IMM32.DLL
0x00007ffd625a0000 - 0x00007ffd625ac000 	C:\Users\Pss\.jdks\openjdk-22.0.1\bin\vcruntime140_1.dll
0x00007ffd57f10000 - 0x00007ffd57f9e000 	C:\Users\Pss\.jdks\openjdk-22.0.1\bin\msvcp140.dll
0x00007ffd04720000 - 0x00007ffd05467000 	C:\Users\Pss\.jdks\openjdk-22.0.1\bin\server\jvm.dll
0x00007ffd688f0000 - 0x00007ffd6899f000 	C:\WINDOWS\System32\ADVAPI32.dll
0x00007ffd68360000 - 0x00007ffd683ff000 	C:\WINDOWS\System32\sechost.dll
0x00007ffd69d10000 - 0x00007ffd69e33000 	C:\WINDOWS\System32\RPCRT4.dll
0x00007ffd678e0000 - 0x00007ffd67907000 	C:\WINDOWS\System32\bcrypt.dll
0x00007ffd69b40000 - 0x00007ffd69bab000 	C:\WINDOWS\System32\WS2_32.dll
0x00007ffd675d0000 - 0x00007ffd6761b000 	C:\WINDOWS\SYSTEM32\POWRPROF.dll
0x00007ffd51f40000 - 0x00007ffd51f67000 	C:\WINDOWS\SYSTEM32\WINMM.dll
0x00007ffd555b0000 - 0x00007ffd555ba000 	C:\WINDOWS\SYSTEM32\VERSION.dll
0x00007ffd675b0000 - 0x00007ffd675c2000 	C:\WINDOWS\SYSTEM32\UMPDC.dll
0x00007ffd655b0000 - 0x00007ffd655c2000 	C:\WINDOWS\SYSTEM32\kernel.appcore.dll
0x00007ffd62570000 - 0x00007ffd6257a000 	C:\Users\Pss\.jdks\openjdk-22.0.1\bin\jimage.dll
0x00007ffd4e0f0000 - 0x00007ffd4e2f1000 	C:\WINDOWS\SYSTEM32\DBGHELP.DLL
0x00007ffd4d2e0000 - 0x00007ffd4d314000 	C:\WINDOWS\SYSTEM32\dbgcore.DLL
0x00007ffd67cc0000 - 0x00007ffd67d42000 	C:\WINDOWS\System32\bcryptPrimitives.dll
0x00007ffd61060000 - 0x00007ffd6106f000 	C:\Users\Pss\.jdks\openjdk-22.0.1\bin\instrument.dll
0x00007ffd5ff50000 - 0x00007ffd5ff6e000 	C:\Users\Pss\.jdks\openjdk-22.0.1\bin\java.dll
0x00007ffd689d0000 - 0x00007ffd6913e000 	C:\WINDOWS\System32\SHELL32.dll
0x00007ffd69340000 - 0x00007ffd6946b000 	C:\WINDOWS\System32\ole32.dll
0x00007ffd69560000 - 0x00007ffd698b3000 	C:\WINDOWS\System32\combase.dll
0x00007ffd657b0000 - 0x00007ffd65f53000 	C:\WINDOWS\SYSTEM32\windows.storage.dll
0x00007ffd66ff0000 - 0x00007ffd6701b000 	C:\WINDOWS\SYSTEM32\Wldp.dll
0x00007ffd69970000 - 0x00007ffd69a3d000 	C:\WINDOWS\System32\OLEAUT32.dll
0x00007ffd698c0000 - 0x00007ffd6996d000 	C:\WINDOWS\System32\SHCORE.dll
0x00007ffd69cb0000 - 0x00007ffd69d05000 	C:\WINDOWS\System32\shlwapi.dll
0x00007ffd676a0000 - 0x00007ffd676c5000 	C:\WINDOWS\SYSTEM32\profapi.dll
0x00007ffd57e30000 - 0x00007ffd57f07000 	C:\Users\Pss\.jdks\openjdk-22.0.1\bin\jsvml.dll
0x00007ffd5c2c0000 - 0x00007ffd5c2d7000 	C:\Users\Pss\.jdks\openjdk-22.0.1\bin\zip.dll
0x00007ffd61010000 - 0x00007ffd61020000 	C:\Users\Pss\.jdks\openjdk-22.0.1\bin\net.dll
0x00007ffd66dd0000 - 0x00007ffd66e3c000 	C:\WINDOWS\system32\mswsock.dll
0x00007ffd58050000 - 0x00007ffd58066000 	C:\Users\Pss\.jdks\openjdk-22.0.1\bin\nio.dll
0x00007ffd57e10000 - 0x00007ffd57e2a000 	C:\Program Files\JetBrains\IntelliJ IDEA 2023.3.4\bin\breakgen64.dll
0x00007ffd5fb30000 - 0x00007ffd5fb39000 	C:\Users\Pss\.jdks\openjdk-22.0.1\bin\extnet.dll
0x00007ffd49610000 - 0x00007ffd4979d000 	C:\Users\Pss\.jdks\openjdk-22.0.1\bin\awt.dll
0x00007ffd64c90000 - 0x00007ffd64d24000 	C:\WINDOWS\SYSTEM32\apphelp.dll
0x00007ffd650c0000 - 0x00007ffd6515e000 	C:\WINDOWS\system32\uxtheme.dll
0x00007ffd46190000 - 0x00007ffd461cd000 	C:\WINDOWS\SysWOW64\TEFScreen64.dll
0x00007ffd66960000 - 0x00007ffd66993000 	C:\WINDOWS\SYSTEM32\ntmarta.dll
0x00007ffd68100000 - 0x00007ffd68108000 	C:\WINDOWS\System32\psapi.dll
0x00007ffd69140000 - 0x00007ffd69255000 	C:\WINDOWS\System32\MSCTF.dll
0x00007ffd3a170000 - 0x00007ffd3a20c000 	C:\WINDOWS\system32\IMGSF50Filter_x64.dll
0x00007ffd3a410000 - 0x00007ffd3a538000 	C:\WINDOWS\SYSTEM32\Opengl32.dll
0x00007ffd3a3a0000 - 0x00007ffd3a3cc000 	C:\WINDOWS\SYSTEM32\GLU32.dll
0x00007ffd652b0000 - 0x00007ffd652df000 	C:\WINDOWS\system32\DWMAPI.DLL
0x00007ffd524d0000 - 0x00007ffd52557000 	C:\Users\Pss\.jdks\openjdk-22.0.1\bin\freetype.dll
0x00007ffd49530000 - 0x00007ffd49607000 	C:\Users\Pss\.jdks\openjdk-22.0.1\bin\fontmanager.dll
0x00007ffd682b0000 - 0x00007ffd68359000 	C:\WINDOWS\System32\clbcatq.dll
0x00007ffd64eb0000 - 0x00007ffd65064000 	C:\WINDOWS\SYSTEM32\WindowsCodecs.dll
0x00007ffd4bfb0000 - 0x00007ffd4bfee000 	C:\WINDOWS\system32\dataexchange.dll
0x00007ffd62f20000 - 0x00007ffd63184000 	C:\WINDOWS\system32\d3d11.dll
0x00007ffd63aa0000 - 0x00007ffd63c84000 	C:\WINDOWS\system32\dcomp.dll
0x00007ffd65fc0000 - 0x00007ffd660b6000 	C:\WINDOWS\system32\dxgi.dll
0x00007ffd60500000 - 0x00007ffd60703000 	C:\WINDOWS\system32\twinapi.appcore.dll
0x00007ffd59eb0000 - 0x00007ffd59fa9000 	C:\WINDOWS\SYSTEM32\textinputframework.dll
0x00007ffd63d50000 - 0x00007ffd640ab000 	C:\WINDOWS\System32\CoreUIComponents.dll
0x00007ffd647b0000 - 0x00007ffd648a2000 	C:\WINDOWS\System32\CoreMessaging.dll
0x00007ffd638e0000 - 0x00007ffd63a37000 	C:\WINDOWS\SYSTEM32\wintypes.dll
0x00007ffd5f7d0000 - 0x00007ffd5f8a2000 	C:\Windows\System32\IME\IMEKR\imkrtip.dll
0x00007ffd64530000 - 0x00007ffd64624000 	C:\WINDOWS\SYSTEM32\PROPSYS.dll
0x00007ffd5a480000 - 0x00007ffd5a5c2000 	C:\Windows\System32\IME\shared\imetip.dll
0x00007ffd519e0000 - 0x00007ffd51a46000 	C:\WINDOWS\SYSTEM32\OLEACC.dll
0x00007ffd5a2d0000 - 0x00007ffd5a47e000 	C:\WINDOWS\SYSTEM32\DUI70.dll
0x00007ffd617d0000 - 0x00007ffd61811000 	C:\Windows\System32\IME\IMEKR\imkrapi.dll
0x00007ffd63750000 - 0x00007ffd637f1000 	C:\WINDOWS\SYSTEM32\policymanager.dll
0x00007ffd667a0000 - 0x00007ffd6682a000 	C:\WINDOWS\SYSTEM32\msvcp110_win.dll
0x00007ffd60490000 - 0x00007ffd604ce000 	C:\Windows\System32\IME\shared\imjkapi.dll

dbghelp: loaded successfully - version: 4.0.5 - missing functions: none
symbol engine: initialized successfully - sym options: 0x614 - pdb path: .;C:\Users\Pss\.jdks\openjdk-22.0.1\bin;C:\WINDOWS\SYSTEM32;C:\WINDOWS\WinSxS\amd64_microsoft.windows.common-controls_6595b64144ccf1df_6.0.19041.5794_none_60bcd33171f2783c;C:\Users\Pss\.jdks\openjdk-22.0.1\bin\server;C:\Program Files\JetBrains\IntelliJ IDEA 2023.3.4\bin;C:\WINDOWS\SysWOW64;C:\Windows\System32\IME\IMEKR;C:\Windows\System32\IME\shared

VM Arguments:
jvm_args: --enable-preview -javaagent:C:\Program Files\JetBrains\IntelliJ IDEA 2023.3.4\lib\idea_rt.jar=57244:C:\Program Files\JetBrains\IntelliJ IDEA 2023.3.4\bin -Dfile.encoding=UTF-8 -Dsun.stdout.encoding=UTF-8 -Dsun.stderr.encoding=UTF-8 
java_command: com.vector.editor.view.MainFrame
java_class_path (initial): C:\Users\Pss\Desktop\psb\2025s_swproj\out\production\2025s_swproj
Launcher Type: SUN_STANDARD

[Global flags]
     intx CICompilerCount                          = 3                                         {product} {ergonomic}
     uint ConcGCThreads                            = 1                                         {product} {ergonomic}
     uint G1ConcRefinementThreads                  = 4                                         {product} {ergonomic}
   size_t G1HeapRegionSize                         = 1048576                                   {product} {ergonomic}
   size_t InitialHeapSize                          = 132120576                                 {product} {ergonomic}
   size_t MarkStackSize                            = 4194304                                   {product} {ergonomic}
   size_t MaxHeapSize                              = 2111832064                                {product} {ergonomic}
   size_t MaxNewSize                               = 1266679808                                {product} {ergonomic}
   size_t MinHeapDeltaBytes                        = 1048576                                   {product} {ergonomic}
   size_t MinHeapSize                              = 8388608                                   {product} {ergonomic}
    uintx NonNMethodCodeHeapSize                   = 5832780                                {pd product} {ergonomic}
    uintx NonProfiledCodeHeapSize                  = 122912730                              {pd product} {ergonomic}
    uintx ProfiledCodeHeapSize                     = 122912730                              {pd product} {ergonomic}
    uintx ReservedCodeCacheSize                    = 251658240                              {pd product} {ergonomic}
     bool SegmentedCodeCache                       = true                                      {product} {ergonomic}
   size_t SoftMaxHeapSize                          = 2111832064                             {manageable} {ergonomic}
     bool UseCompressedOops                        = true                           {product lp64_product} {ergonomic}
     bool UseG1GC                                  = true                                      {product} {ergonomic}
     bool UseLargePagesIndividualAllocation        = false                                  {pd product} {ergonomic}

Logging:
Log output configuration:
 #0: stdout all=warning uptime,level,tags foldmultilines=false
 #1: stderr all=off uptime,level,tags foldmultilines=false

Environment Variables:
PATH=C:\Program Files\Common Files\Oracle\Java\javapath;C:\Program Files (x86)\Common Files\Oracle\Java\javapath;C:\WINDOWS\system32;C:\WINDOWS;C:\WINDOWS\System32\Wbem;C:\WINDOWS\System32\WindowsPowerShell\v1.0\;C:\WINDOWS\System32\OpenSSH\;C:\Program Files\Graphviz 2.44.1\bin;C:\Program Files (x86)\Git\cmd;C:\ProgramData\chocolatey\bin;C:\Program Files\nodejs\;C:\Program Files (x86)\ePapyrus\SDPlugin\addins;C:\Program Files\CMake\bin;C:\Users\Pss\AppData\Local\Programs\Python\Python313\Scripts\;C:\Users\Pss\AppData\Local\Programs\Python\Python313\;C:\Users\Pss\AppData\Local\Programs\Python\Python38\Scripts\;C:\Users\Pss\AppData\Local\Programs\Python\Python38\;C:\Users\Pss\AppData\Local\Programs\Python\Python38-32\Scripts\;C:\Users\Pss\AppData\Local\Programs\Python\Python38-32\;C:\Users\Pss\AppData\Local\Microsoft\WindowsApps;C:\intelFPGA\18.1\modelsim_ase\win32aloem;C:\Users\Pss\AppData\Local\Coursier\data\bin;C:\scala\scala-2.13.12bin;C:\tools\mysql\current\bin;C:\Users\Pss\AppData\Roaming\npm;C:\dart-sdk\bin;C:\flutter\bin;C:\Users\Pss\AppData\Local\Pub\Cache\bin
USERNAME=Pss
TMPDIR=C:\Users\Public\Documents\ESTsoft\CreatorTemp
OS=Windows_NT
PROCESSOR_IDENTIFIER=Intel64 Family 6 Model 78 Stepping 3, GenuineIntel
TMP=C:\Users\Pss\AppData\Local\Temp
TEMP=C:\Users\Pss\AppData\Local\Temp




Periodic native trim disabled

---------------  S Y S T E M  ---------------

OS:
 Windows 10 , 64 bit Build 19041 (10.0.19041.5794)
OS uptime: 14 days 19:12 hours
Hyper-V role detected

CPU: total 4 (initial active 4) (2 cores per cpu, 2 threads per core) family 6 model 78 stepping 3 microcode 0xcc, cx8, cmov, fxsr, ht, mmx, 3dnowpref, sse, sse2, sse3, ssse3, sse4.1, sse4.2, popcnt, lzcnt, tsc, tscinvbit, avx, avx2, aes, erms, clmul, bmi1, bmi2, rtm, adx, fma, vzeroupper, clflush, clflushopt, hv, rdtscp, f16c
Processor Information for all 4 processors :
  Max Mhz: 2301, Current Mhz: 2301, Mhz Limit: 2301

Memory: 4k page, system-wide physical 8055M (1491M free)
TotalPageFile size 29420M (AvailPageFile size 3M)
current process WorkingSet (physical memory assigned to process): 103M, peak: 119M
current process commit charge ("private bytes"): 225M, peak: 242M

vm_info: OpenJDK 64-Bit Server VM (22.0.1+8-16) for windows-amd64 JRE (22.0.1+8-16), built on 2024-03-12T10:33:16Z by "mach5one" with MS VC++ 17.6 (VS2022)

END.
