#
# There is insufficient memory for the Java Runtime Environment to continue.
# Native memory allocation (mmap) failed to map 65536 bytes. Error detail: Failed to commit metaspace.
# Possible reasons:
#   The system is out of physical RAM or swap space
#   This process is running with CompressedOops enabled, and the Java Heap may be blocking the growth of the native heap
# Possible solutions:
#   Reduce memory load on the system
#   Increase physical memory or swap space
#   Check if swap backing store is full
#   Decrease Java heap size (-Xmx/-Xms)
#   Decrease number of Java threads
#   Decrease Java thread stack sizes (-Xss)
#   Set larger code cache with -XX:ReservedCodeCacheSize=
#   JVM is running with Unscaled Compressed Oops mode in which the Java heap is
#     placed in the first 4GB address space. The Java Heap base address is the
#     maximum limit for the native heap growth. Please use -XX:HeapBaseMinAddress
#     to set the Java Heap base and to place the Java Heap above 4GB virtual address.
# This output file may be truncated or incomplete.
#
#  Out of Memory Error (virtualSpaceNode.cpp:112), pid=32652, tid=33460
#
# JRE version: OpenJDK Runtime Environment (22.0.1+8) (build 22.0.1+8-16)
# Java VM: OpenJDK 64-Bit Server VM (22.0.1+8-16, mixed mode, sharing, tiered, compressed oops, compressed class ptrs, g1 gc, windows-amd64)
# No core dump will be written. Minidumps are not enabled by default on client versions of Windows
#

---------------  S U M M A R Y ------------

Command Line: --enable-preview -javaagent:C:\Program Files\JetBrains\IntelliJ IDEA 2023.3.4\lib\idea_rt.jar=57306:C:\Program Files\JetBrains\IntelliJ IDEA 2023.3.4\bin -Dfile.encoding=UTF-8 -Dsun.stdout.encoding=UTF-8 -Dsun.stderr.encoding=UTF-8 com.vector.editor.view.MainFrame

Host: Intel(R) Core(TM) i3-6100U CPU @ 2.30GHz, 4 cores, 7G,  Windows 10 , 64 bit Build 19041 (10.0.19041.5794)
Time: Sat Jun  7 16:39:55 2025  Windows 10 , 64 bit Build 19041 (10.0.19041.5794) elapsed time: 0.356868 seconds (0d 0h 0m 0s)

---------------  T H R E A D  ---------------

Current thread (0x000001543084ddf0):  JavaThread "Monitor Ctrl-Break" daemon [_thread_in_vm, id=33460, stack(0x0000000101700000,0x0000000101800000) (1024K)]

Stack: [0x0000000101700000,0x0000000101800000]
Native frames: (J=compiled Java code, j=interpreted, Vv=VM code, C=native code)
V  [jvm.dll+0x6e2279]  (no source info available)
V  [jvm.dll+0x874e33]  (no source info available)
V  [jvm.dll+0x87725e]  (no source info available)
V  [jvm.dll+0x877933]  (no source info available)
V  [jvm.dll+0x27fd76]  (no source info available)
V  [jvm.dll+0x870a7e]  (no source info available)
V  [jvm.dll+0x6852e5]  (no source info available)
V  [jvm.dll+0x68534a]  (no source info available)
V  [jvm.dll+0x687b8a]  (no source info available)
V  [jvm.dll+0x2250ac]  (no source info available)
V  [jvm.dll+0x685cfe]  (no source info available)
V  [jvm.dll+0x27cadd]  (no source info available)
V  [jvm.dll+0x27cea1]  (no source info available)
V  [jvm.dll+0x73aa4f]  (no source info available)
V  [jvm.dll+0x73b83f]  (no source info available)
V  [jvm.dll+0x3c8aff]  (no source info available)
V  [jvm.dll+0x3c89e8]  (no source info available)
V  [jvm.dll+0x3c78fc]  (no source info available)
V  [jvm.dll+0x3c7898]  (no source info available)
V  [jvm.dll+0x3d9b8a]  (no source info available)
C  0x0000015423efab94  (no source info available)

The last pc belongs to new (printed below).
Java frames: (J=compiled Java code, j=interpreted, Vv=VM code)
j  com.intellij.rt.execution.application.AppMainV2$1.run()V+14
v  ~StubRoutines::call_stub 0x0000015423ee100d
new  187 new  [0x0000015423efaa00, 0x0000015423efac08]  520 bytes
[MachCode]
  0x0000015423efaa00: 4883 ec08 | c5fa 1104 | 24eb 1f48 | 83ec 10c5 | fb11 0424 | eb14 4883 | ec10 4889 | 0424 48c7 
  0x0000015423efaa20: 4424 0800 | 0000 00eb | 0150 410f | b755 010f | cac1 ea10 | 488b 4de8 | 488b 4908 | 488b 4908 
  0x0000015423efaa40: 488b 4108 | 807c 1004 | 070f 85d3 | 0000 0066 | 8b54 d148 | 488b 4928 | 488b 4cd1 | 0851 80b9 
  0x0000015423efaa60: 2001 0000 | 050f 85b6 | 0000 008b | 5108 f6c2 | 010f 85aa | 0000 0049 | 8b87 b801 | 0000 488d 
  0x0000015423efaa80: 1c10 493b | 9fc8 0100 | 000f 8792 | 0000 0049 | 899f b801 | 0000 4883 | ea10 0f84 | 0f00 0000 
  0x0000015423efaaa0: 33c9 c1ea | 0348 894c | d008 48ff | ca75 f648 | c700 0100 | 0000 5933 | f689 700c | 49ba 0000 
  0x0000015423efaac0: 0031 5401 | 0000 492b | ca89 4808 | 49ba 9d30 | 3605 fd7f | 0000 4180 | 3a00 0f84 | 3c00 0000 
  0x0000015423efaae0: 5048 8bc8 | 4883 ec20 | 40f6 c40f | 0f84 1900 | 0000 4883 | ec08 48b8 | 80b5 e604 | fd7f 0000 
  0x0000015423efab00: ffd0 4883 | c408 e90c | 0000 0048 | b880 b5e6 | 04fd 7f00 | 00ff d048 | 83c4 2058 | e9cb 0000 
  0x0000015423efab20: 0059 488b | 55e8 488b | 5208 488b | 5208 450f | b745 0141 | 0fc8 41c1 | e810 e805 | 0000 00e9 
  0x0000015423efab40: a800 0000 | 488d 4424 | 084c 896d | c049 8bcf | c5f8 7749 | 89af b003 | 0000 4989 | 87a0 0300 
  0x0000015423efab60: 0048 83ec | 2040 f6c4 | 0f0f 8419 | 0000 0048 | 83ec 0848 | b800 9baf | 04fd 7f00 | 00ff d048 
  0x0000015423efab80: 83c4 08e9 | 0c00 0000 | 48b8 009b | af04 fd7f | 0000 ffd0 | 4883 c420 | 49c7 87a0 | 0300 0000 
  0x0000015423efaba0: 0000 0049 | c787 b003 | 0000 0000 | 0000 49c7 | 87a8 0300 | 0000 0000 | 00c5 f877 | 4983 7f08 
  0x0000015423efabc0: 000f 8405 | 0000 00e9 | 3463 feff | 498b 87f8 | 0300 0049 | c787 f803 | 0000 0000 | 0000 4c8b 
  0x0000015423efabe0: 6dc0 4c8b | 75c8 4e8d | 74f5 00c3 | 410f b65d | 0349 83c5 | 0349 baf0 | f939 05fd | 7f00 0041 
  0x0000015423efac00: ff24 da0f | 1f44 0000 
[/MachCode]

---------------  P R O C E S S  ---------------

Threads class SMR info:
_java_thread_list=0x0000015430846d30, length=12, elements={
0x0000015412451d40, 0x00000154305c5410, 0x00000154305c6330, 0x00000154305ca7b0,
0x00000154305cd320, 0x00000154305d5d90, 0x00000154305dbd10, 0x00000154305dcaa0,
0x00000154305df560, 0x0000015430772b40, 0x000001543084ddf0, 0x000001543084e460
}

Java Threads: ( => current thread )
  0x0000015412451d40 JavaThread "main"                              [_thread_in_vm, id=17944, stack(0x0000000100600000,0x0000000100700000) (1024K)]
  0x00000154305c5410 JavaThread "Reference Handler"          daemon [_thread_blocked, id=25740, stack(0x0000000100e00000,0x0000000100f00000) (1024K)]
  0x00000154305c6330 JavaThread "Finalizer"                  daemon [_thread_blocked, id=9228, stack(0x0000000100f00000,0x0000000101000000) (1024K)]
  0x00000154305ca7b0 JavaThread "Signal Dispatcher"          daemon [_thread_blocked, id=15556, stack(0x0000000101000000,0x0000000101100000) (1024K)]
  0x00000154305cd320 JavaThread "Attach Listener"            daemon [_thread_blocked, id=32192, stack(0x0000000101100000,0x0000000101200000) (1024K)]
  0x00000154305d5d90 JavaThread "Service Thread"             daemon [_thread_blocked, id=33424, stack(0x0000000101200000,0x0000000101300000) (1024K)]
  0x00000154305dbd10 JavaThread "Monitor Deflation Thread"   daemon [_thread_blocked, id=21920, stack(0x0000000101300000,0x0000000101400000) (1024K)]
  0x00000154305dcaa0 JavaThread "C2 CompilerThread0"         daemon [_thread_blocked, id=23912, stack(0x0000000101400000,0x0000000101500000) (1024K)]
  0x00000154305df560 JavaThread "C1 CompilerThread0"         daemon [_thread_blocked, id=17416, stack(0x0000000101500000,0x0000000101600000) (1024K)]
  0x0000015430772b40 JavaThread "Common-Cleaner"             daemon [_thread_blocked, id=21620, stack(0x0000000101600000,0x0000000101700000) (1024K)]
=>0x000001543084ddf0 JavaThread "Monitor Ctrl-Break"         daemon [_thread_in_vm, id=33460, stack(0x0000000101700000,0x0000000101800000) (1024K)]
  0x000001543084e460 JavaThread "Notification Thread"        daemon [_thread_blocked, id=21384, stack(0x0000000101800000,0x0000000101900000) (1024K)]
Total: 12

Other Threads:
  0x00000154305a7520 VMThread "VM Thread"                           [id=21264, stack(0x0000000100d00000,0x0000000100e00000) (1024K)]
  0x00000154305902b0 WatcherThread "VM Periodic Task Thread"        [id=32872, stack(0x0000000100c00000,0x0000000100d00000) (1024K)]
  0x00000154146b3390 WorkerThread "GC Thread#0"                     [id=3336, stack(0x0000000100700000,0x0000000100800000) (1024K)]
  0x00000154146c4890 ConcurrentGCThread "G1 Main Marker"            [id=18736, stack(0x0000000100800000,0x0000000100900000) (1024K)]
  0x00000154146c53a0 WorkerThread "G1 Conc#0"                       [id=9316, stack(0x0000000100900000,0x0000000100a00000) (1024K)]
  0x00000154304660e0 ConcurrentGCThread "G1 Refine#0"               [id=26812, stack(0x0000000100a00000,0x0000000100b00000) (1024K)]
  0x0000015430466a70 ConcurrentGCThread "G1 Service"                [id=10628, stack(0x0000000100b00000,0x0000000100c00000) (1024K)]
Total: 7

Threads with active compile tasks:
Total: 0

VM state: not at safepoint (normal execution)

VM Mutex/Monitor currently owned by a thread:  ([mutex/lock_event])
[0x00007ffd05389b38] Metaspace_lock - owner thread: 0x000001543084ddf0
[0x00007ffd0538a8b8] MultiArray_lock - owner thread: 0x0000015412451d40

Heap address: 0x0000000082200000, size: 2014 MB, Compressed Oops mode: 32-bit

CDS archive(s) mapped at: [0x0000015431000000-0x0000015431c50000-0x0000015431c50000), size 12910592, SharedBaseAddress: 0x0000015431000000, ArchiveRelocationMode: 1.
Compressed class space mapped at: 0x0000015432000000-0x0000015472000000, reserved size: 1073741824
Narrow klass base: 0x0000015431000000, Narrow klass shift: 0, Narrow klass range: 0x41000000

GC Precious Log:
 CardTable entry size: 512
 Card Set container configuration: InlinePtr #cards 5 size 8 Array Of Cards #cards 12 size 40 Howl #buckets 4 coarsen threshold 1843 Howl Bitmap #cards 512 size 80 coarsen threshold 460 Card regions per heap region 1 cards per card region 2048
 CPUs: 4 total, 4 available
 Memory: 8055M
 Large Page Support: Disabled
 NUMA Support: Disabled
 Compressed Oops: Enabled (32-bit)
 Heap Region Size: 1M
 Heap Min Capacity: 8M
 Heap Initial Capacity: 126M
 Heap Max Capacity: 2014M
 Pre-touch: Disabled
 Parallel Workers: 4
 Concurrent Workers: 1
 Concurrent Refinement Workers: 4
 Periodic GC: Disabled

Heap:
 garbage-first heap   total reserved 2062336K, committed 129024K, used 2048K [0x0000000082200000, 0x0000000100000000)
  region size 1024K, 3 young (3072K), 0 survivors (0K)
 Metaspace       used 1269K, committed 1408K, reserved 1114112K
  class space    used 121K, committed 192K, reserved 1048576K

Heap Regions: E=young(eden), S=young(survivor), O=old, HS=humongous(starts), HC=humongous(continues), CS=collection set, F=free, TAMS=top-at-mark-start, PB=parsable bottom
|   0|0x0000000082200000, 0x0000000082200000, 0x0000000082300000|  0%| F|  |TAMS 0x0000000082200000| PB 0x0000000082200000| Untracked |  0
|   1|0x0000000082300000, 0x0000000082300000, 0x0000000082400000|  0%| F|  |TAMS 0x0000000082300000| PB 0x0000000082300000| Untracked |  0
|   2|0x0000000082400000, 0x0000000082400000, 0x0000000082500000|  0%| F|  |TAMS 0x0000000082400000| PB 0x0000000082400000| Untracked |  0
|   3|0x0000000082500000, 0x0000000082500000, 0x0000000082600000|  0%| F|  |TAMS 0x0000000082500000| PB 0x0000000082500000| Untracked |  0
|   4|0x0000000082600000, 0x0000000082600000, 0x0000000082700000|  0%| F|  |TAMS 0x0000000082600000| PB 0x0000000082600000| Untracked |  0
|   5|0x0000000082700000, 0x0000000082700000, 0x0000000082800000|  0%| F|  |TAMS 0x0000000082700000| PB 0x0000000082700000| Untracked |  0
|   6|0x0000000082800000, 0x0000000082800000, 0x0000000082900000|  0%| F|  |TAMS 0x0000000082800000| PB 0x0000000082800000| Untracked |  0
|   7|0x0000000082900000, 0x0000000082900000, 0x0000000082a00000|  0%| F|  |TAMS 0x0000000082900000| PB 0x0000000082900000| Untracked |  0
|   8|0x0000000082a00000, 0x0000000082a00000, 0x0000000082b00000|  0%| F|  |TAMS 0x0000000082a00000| PB 0x0000000082a00000| Untracked |  0
|   9|0x0000000082b00000, 0x0000000082b00000, 0x0000000082c00000|  0%| F|  |TAMS 0x0000000082b00000| PB 0x0000000082b00000| Untracked |  0
|  10|0x0000000082c00000, 0x0000000082c00000, 0x0000000082d00000|  0%| F|  |TAMS 0x0000000082c00000| PB 0x0000000082c00000| Untracked |  0
|  11|0x0000000082d00000, 0x0000000082d00000, 0x0000000082e00000|  0%| F|  |TAMS 0x0000000082d00000| PB 0x0000000082d00000| Untracked |  0
|  12|0x0000000082e00000, 0x0000000082e00000, 0x0000000082f00000|  0%| F|  |TAMS 0x0000000082e00000| PB 0x0000000082e00000| Untracked |  0
|  13|0x0000000082f00000, 0x0000000082f00000, 0x0000000083000000|  0%| F|  |TAMS 0x0000000082f00000| PB 0x0000000082f00000| Untracked |  0
|  14|0x0000000083000000, 0x0000000083000000, 0x0000000083100000|  0%| F|  |TAMS 0x0000000083000000| PB 0x0000000083000000| Untracked |  0
|  15|0x0000000083100000, 0x0000000083100000, 0x0000000083200000|  0%| F|  |TAMS 0x0000000083100000| PB 0x0000000083100000| Untracked |  0
|  16|0x0000000083200000, 0x0000000083200000, 0x0000000083300000|  0%| F|  |TAMS 0x0000000083200000| PB 0x0000000083200000| Untracked |  0
|  17|0x0000000083300000, 0x0000000083300000, 0x0000000083400000|  0%| F|  |TAMS 0x0000000083300000| PB 0x0000000083300000| Untracked |  0
|  18|0x0000000083400000, 0x0000000083400000, 0x0000000083500000|  0%| F|  |TAMS 0x0000000083400000| PB 0x0000000083400000| Untracked |  0
|  19|0x0000000083500000, 0x0000000083500000, 0x0000000083600000|  0%| F|  |TAMS 0x0000000083500000| PB 0x0000000083500000| Untracked |  0
|  20|0x0000000083600000, 0x0000000083600000, 0x0000000083700000|  0%| F|  |TAMS 0x0000000083600000| PB 0x0000000083600000| Untracked |  0
|  21|0x0000000083700000, 0x0000000083700000, 0x0000000083800000|  0%| F|  |TAMS 0x0000000083700000| PB 0x0000000083700000| Untracked |  0
|  22|0x0000000083800000, 0x0000000083800000, 0x0000000083900000|  0%| F|  |TAMS 0x0000000083800000| PB 0x0000000083800000| Untracked |  0
|  23|0x0000000083900000, 0x0000000083900000, 0x0000000083a00000|  0%| F|  |TAMS 0x0000000083900000| PB 0x0000000083900000| Untracked |  0
|  24|0x0000000083a00000, 0x0000000083a00000, 0x0000000083b00000|  0%| F|  |TAMS 0x0000000083a00000| PB 0x0000000083a00000| Untracked |  0
|  25|0x0000000083b00000, 0x0000000083b00000, 0x0000000083c00000|  0%| F|  |TAMS 0x0000000083b00000| PB 0x0000000083b00000| Untracked |  0
|  26|0x0000000083c00000, 0x0000000083c00000, 0x0000000083d00000|  0%| F|  |TAMS 0x0000000083c00000| PB 0x0000000083c00000| Untracked |  0
|  27|0x0000000083d00000, 0x0000000083d00000, 0x0000000083e00000|  0%| F|  |TAMS 0x0000000083d00000| PB 0x0000000083d00000| Untracked |  0
|  28|0x0000000083e00000, 0x0000000083e00000, 0x0000000083f00000|  0%| F|  |TAMS 0x0000000083e00000| PB 0x0000000083e00000| Untracked |  0
|  29|0x0000000083f00000, 0x0000000083f00000, 0x0000000084000000|  0%| F|  |TAMS 0x0000000083f00000| PB 0x0000000083f00000| Untracked |  0
|  30|0x0000000084000000, 0x0000000084000000, 0x0000000084100000|  0%| F|  |TAMS 0x0000000084000000| PB 0x0000000084000000| Untracked |  0
|  31|0x0000000084100000, 0x0000000084100000, 0x0000000084200000|  0%| F|  |TAMS 0x0000000084100000| PB 0x0000000084100000| Untracked |  0
|  32|0x0000000084200000, 0x0000000084200000, 0x0000000084300000|  0%| F|  |TAMS 0x0000000084200000| PB 0x0000000084200000| Untracked |  0
|  33|0x0000000084300000, 0x0000000084300000, 0x0000000084400000|  0%| F|  |TAMS 0x0000000084300000| PB 0x0000000084300000| Untracked |  0
|  34|0x0000000084400000, 0x0000000084400000, 0x0000000084500000|  0%| F|  |TAMS 0x0000000084400000| PB 0x0000000084400000| Untracked |  0
|  35|0x0000000084500000, 0x0000000084500000, 0x0000000084600000|  0%| F|  |TAMS 0x0000000084500000| PB 0x0000000084500000| Untracked |  0
|  36|0x0000000084600000, 0x0000000084600000, 0x0000000084700000|  0%| F|  |TAMS 0x0000000084600000| PB 0x0000000084600000| Untracked |  0
|  37|0x0000000084700000, 0x0000000084700000, 0x0000000084800000|  0%| F|  |TAMS 0x0000000084700000| PB 0x0000000084700000| Untracked |  0
|  38|0x0000000084800000, 0x0000000084800000, 0x0000000084900000|  0%| F|  |TAMS 0x0000000084800000| PB 0x0000000084800000| Untracked |  0
|  39|0x0000000084900000, 0x0000000084900000, 0x0000000084a00000|  0%| F|  |TAMS 0x0000000084900000| PB 0x0000000084900000| Untracked |  0
|  40|0x0000000084a00000, 0x0000000084a00000, 0x0000000084b00000|  0%| F|  |TAMS 0x0000000084a00000| PB 0x0000000084a00000| Untracked |  0
|  41|0x0000000084b00000, 0x0000000084b00000, 0x0000000084c00000|  0%| F|  |TAMS 0x0000000084b00000| PB 0x0000000084b00000| Untracked |  0
|  42|0x0000000084c00000, 0x0000000084c00000, 0x0000000084d00000|  0%| F|  |TAMS 0x0000000084c00000| PB 0x0000000084c00000| Untracked |  0
|  43|0x0000000084d00000, 0x0000000084d00000, 0x0000000084e00000|  0%| F|  |TAMS 0x0000000084d00000| PB 0x0000000084d00000| Untracked |  0
|  44|0x0000000084e00000, 0x0000000084e00000, 0x0000000084f00000|  0%| F|  |TAMS 0x0000000084e00000| PB 0x0000000084e00000| Untracked |  0
|  45|0x0000000084f00000, 0x0000000084f00000, 0x0000000085000000|  0%| F|  |TAMS 0x0000000084f00000| PB 0x0000000084f00000| Untracked |  0
|  46|0x0000000085000000, 0x0000000085000000, 0x0000000085100000|  0%| F|  |TAMS 0x0000000085000000| PB 0x0000000085000000| Untracked |  0
|  47|0x0000000085100000, 0x0000000085100000, 0x0000000085200000|  0%| F|  |TAMS 0x0000000085100000| PB 0x0000000085100000| Untracked |  0
|  48|0x0000000085200000, 0x0000000085200000, 0x0000000085300000|  0%| F|  |TAMS 0x0000000085200000| PB 0x0000000085200000| Untracked |  0
|  49|0x0000000085300000, 0x0000000085300000, 0x0000000085400000|  0%| F|  |TAMS 0x0000000085300000| PB 0x0000000085300000| Untracked |  0
|  50|0x0000000085400000, 0x0000000085400000, 0x0000000085500000|  0%| F|  |TAMS 0x0000000085400000| PB 0x0000000085400000| Untracked |  0
|  51|0x0000000085500000, 0x0000000085500000, 0x0000000085600000|  0%| F|  |TAMS 0x0000000085500000| PB 0x0000000085500000| Untracked |  0
|  52|0x0000000085600000, 0x0000000085600000, 0x0000000085700000|  0%| F|  |TAMS 0x0000000085600000| PB 0x0000000085600000| Untracked |  0
|  53|0x0000000085700000, 0x0000000085700000, 0x0000000085800000|  0%| F|  |TAMS 0x0000000085700000| PB 0x0000000085700000| Untracked |  0
|  54|0x0000000085800000, 0x0000000085800000, 0x0000000085900000|  0%| F|  |TAMS 0x0000000085800000| PB 0x0000000085800000| Untracked |  0
|  55|0x0000000085900000, 0x0000000085900000, 0x0000000085a00000|  0%| F|  |TAMS 0x0000000085900000| PB 0x0000000085900000| Untracked |  0
|  56|0x0000000085a00000, 0x0000000085a00000, 0x0000000085b00000|  0%| F|  |TAMS 0x0000000085a00000| PB 0x0000000085a00000| Untracked |  0
|  57|0x0000000085b00000, 0x0000000085b00000, 0x0000000085c00000|  0%| F|  |TAMS 0x0000000085b00000| PB 0x0000000085b00000| Untracked |  0
|  58|0x0000000085c00000, 0x0000000085c00000, 0x0000000085d00000|  0%| F|  |TAMS 0x0000000085c00000| PB 0x0000000085c00000| Untracked |  0
|  59|0x0000000085d00000, 0x0000000085d00000, 0x0000000085e00000|  0%| F|  |TAMS 0x0000000085d00000| PB 0x0000000085d00000| Untracked |  0
|  60|0x0000000085e00000, 0x0000000085e00000, 0x0000000085f00000|  0%| F|  |TAMS 0x0000000085e00000| PB 0x0000000085e00000| Untracked |  0
|  61|0x0000000085f00000, 0x0000000085f00000, 0x0000000086000000|  0%| F|  |TAMS 0x0000000085f00000| PB 0x0000000085f00000| Untracked |  0
|  62|0x0000000086000000, 0x0000000086000000, 0x0000000086100000|  0%| F|  |TAMS 0x0000000086000000| PB 0x0000000086000000| Untracked |  0
|  63|0x0000000086100000, 0x0000000086100000, 0x0000000086200000|  0%| F|  |TAMS 0x0000000086100000| PB 0x0000000086100000| Untracked |  0
|  64|0x0000000086200000, 0x0000000086200000, 0x0000000086300000|  0%| F|  |TAMS 0x0000000086200000| PB 0x0000000086200000| Untracked |  0
|  65|0x0000000086300000, 0x0000000086300000, 0x0000000086400000|  0%| F|  |TAMS 0x0000000086300000| PB 0x0000000086300000| Untracked |  0
|  66|0x0000000086400000, 0x0000000086400000, 0x0000000086500000|  0%| F|  |TAMS 0x0000000086400000| PB 0x0000000086400000| Untracked |  0
|  67|0x0000000086500000, 0x0000000086500000, 0x0000000086600000|  0%| F|  |TAMS 0x0000000086500000| PB 0x0000000086500000| Untracked |  0
|  68|0x0000000086600000, 0x0000000086600000, 0x0000000086700000|  0%| F|  |TAMS 0x0000000086600000| PB 0x0000000086600000| Untracked |  0
|  69|0x0000000086700000, 0x0000000086700000, 0x0000000086800000|  0%| F|  |TAMS 0x0000000086700000| PB 0x0000000086700000| Untracked |  0
|  70|0x0000000086800000, 0x0000000086800000, 0x0000000086900000|  0%| F|  |TAMS 0x0000000086800000| PB 0x0000000086800000| Untracked |  0
|  71|0x0000000086900000, 0x0000000086900000, 0x0000000086a00000|  0%| F|  |TAMS 0x0000000086900000| PB 0x0000000086900000| Untracked |  0
|  72|0x0000000086a00000, 0x0000000086a00000, 0x0000000086b00000|  0%| F|  |TAMS 0x0000000086a00000| PB 0x0000000086a00000| Untracked |  0
|  73|0x0000000086b00000, 0x0000000086b00000, 0x0000000086c00000|  0%| F|  |TAMS 0x0000000086b00000| PB 0x0000000086b00000| Untracked |  0
|  74|0x0000000086c00000, 0x0000000086c00000, 0x0000000086d00000|  0%| F|  |TAMS 0x0000000086c00000| PB 0x0000000086c00000| Untracked |  0
|  75|0x0000000086d00000, 0x0000000086d00000, 0x0000000086e00000|  0%| F|  |TAMS 0x0000000086d00000| PB 0x0000000086d00000| Untracked |  0
|  76|0x0000000086e00000, 0x0000000086e00000, 0x0000000086f00000|  0%| F|  |TAMS 0x0000000086e00000| PB 0x0000000086e00000| Untracked |  0
|  77|0x0000000086f00000, 0x0000000086f00000, 0x0000000087000000|  0%| F|  |TAMS 0x0000000086f00000| PB 0x0000000086f00000| Untracked |  0
|  78|0x0000000087000000, 0x0000000087000000, 0x0000000087100000|  0%| F|  |TAMS 0x0000000087000000| PB 0x0000000087000000| Untracked |  0
|  79|0x0000000087100000, 0x0000000087100000, 0x0000000087200000|  0%| F|  |TAMS 0x0000000087100000| PB 0x0000000087100000| Untracked |  0
|  80|0x0000000087200000, 0x0000000087200000, 0x0000000087300000|  0%| F|  |TAMS 0x0000000087200000| PB 0x0000000087200000| Untracked |  0
|  81|0x0000000087300000, 0x0000000087300000, 0x0000000087400000|  0%| F|  |TAMS 0x0000000087300000| PB 0x0000000087300000| Untracked |  0
|  82|0x0000000087400000, 0x0000000087400000, 0x0000000087500000|  0%| F|  |TAMS 0x0000000087400000| PB 0x0000000087400000| Untracked |  0
|  83|0x0000000087500000, 0x0000000087500000, 0x0000000087600000|  0%| F|  |TAMS 0x0000000087500000| PB 0x0000000087500000| Untracked |  0
|  84|0x0000000087600000, 0x0000000087600000, 0x0000000087700000|  0%| F|  |TAMS 0x0000000087600000| PB 0x0000000087600000| Untracked |  0
|  85|0x0000000087700000, 0x0000000087700000, 0x0000000087800000|  0%| F|  |TAMS 0x0000000087700000| PB 0x0000000087700000| Untracked |  0
|  86|0x0000000087800000, 0x0000000087800000, 0x0000000087900000|  0%| F|  |TAMS 0x0000000087800000| PB 0x0000000087800000| Untracked |  0
|  87|0x0000000087900000, 0x0000000087900000, 0x0000000087a00000|  0%| F|  |TAMS 0x0000000087900000| PB 0x0000000087900000| Untracked |  0
|  88|0x0000000087a00000, 0x0000000087a00000, 0x0000000087b00000|  0%| F|  |TAMS 0x0000000087a00000| PB 0x0000000087a00000| Untracked |  0
|  89|0x0000000087b00000, 0x0000000087b00000, 0x0000000087c00000|  0%| F|  |TAMS 0x0000000087b00000| PB 0x0000000087b00000| Untracked |  0
|  90|0x0000000087c00000, 0x0000000087c00000, 0x0000000087d00000|  0%| F|  |TAMS 0x0000000087c00000| PB 0x0000000087c00000| Untracked |  0
|  91|0x0000000087d00000, 0x0000000087d00000, 0x0000000087e00000|  0%| F|  |TAMS 0x0000000087d00000| PB 0x0000000087d00000| Untracked |  0
|  92|0x0000000087e00000, 0x0000000087e00000, 0x0000000087f00000|  0%| F|  |TAMS 0x0000000087e00000| PB 0x0000000087e00000| Untracked |  0
|  93|0x0000000087f00000, 0x0000000087f00000, 0x0000000088000000|  0%| F|  |TAMS 0x0000000087f00000| PB 0x0000000087f00000| Untracked |  0
|  94|0x0000000088000000, 0x0000000088000000, 0x0000000088100000|  0%| F|  |TAMS 0x0000000088000000| PB 0x0000000088000000| Untracked |  0
|  95|0x0000000088100000, 0x0000000088100000, 0x0000000088200000|  0%| F|  |TAMS 0x0000000088100000| PB 0x0000000088100000| Untracked |  0
|  96|0x0000000088200000, 0x0000000088200000, 0x0000000088300000|  0%| F|  |TAMS 0x0000000088200000| PB 0x0000000088200000| Untracked |  0
|  97|0x0000000088300000, 0x0000000088300000, 0x0000000088400000|  0%| F|  |TAMS 0x0000000088300000| PB 0x0000000088300000| Untracked |  0
|  98|0x0000000088400000, 0x0000000088400000, 0x0000000088500000|  0%| F|  |TAMS 0x0000000088400000| PB 0x0000000088400000| Untracked |  0
|  99|0x0000000088500000, 0x0000000088500000, 0x0000000088600000|  0%| F|  |TAMS 0x0000000088500000| PB 0x0000000088500000| Untracked |  0
| 100|0x0000000088600000, 0x0000000088600000, 0x0000000088700000|  0%| F|  |TAMS 0x0000000088600000| PB 0x0000000088600000| Untracked |  0
| 101|0x0000000088700000, 0x0000000088700000, 0x0000000088800000|  0%| F|  |TAMS 0x0000000088700000| PB 0x0000000088700000| Untracked |  0
| 102|0x0000000088800000, 0x0000000088800000, 0x0000000088900000|  0%| F|  |TAMS 0x0000000088800000| PB 0x0000000088800000| Untracked |  0
| 103|0x0000000088900000, 0x0000000088900000, 0x0000000088a00000|  0%| F|  |TAMS 0x0000000088900000| PB 0x0000000088900000| Untracked |  0
| 104|0x0000000088a00000, 0x0000000088a00000, 0x0000000088b00000|  0%| F|  |TAMS 0x0000000088a00000| PB 0x0000000088a00000| Untracked |  0
| 105|0x0000000088b00000, 0x0000000088b00000, 0x0000000088c00000|  0%| F|  |TAMS 0x0000000088b00000| PB 0x0000000088b00000| Untracked |  0
| 106|0x0000000088c00000, 0x0000000088c00000, 0x0000000088d00000|  0%| F|  |TAMS 0x0000000088c00000| PB 0x0000000088c00000| Untracked |  0
| 107|0x0000000088d00000, 0x0000000088d00000, 0x0000000088e00000|  0%| F|  |TAMS 0x0000000088d00000| PB 0x0000000088d00000| Untracked |  0
| 108|0x0000000088e00000, 0x0000000088e00000, 0x0000000088f00000|  0%| F|  |TAMS 0x0000000088e00000| PB 0x0000000088e00000| Untracked |  0
| 109|0x0000000088f00000, 0x0000000088f00000, 0x0000000089000000|  0%| F|  |TAMS 0x0000000088f00000| PB 0x0000000088f00000| Untracked |  0
| 110|0x0000000089000000, 0x0000000089000000, 0x0000000089100000|  0%| F|  |TAMS 0x0000000089000000| PB 0x0000000089000000| Untracked |  0
| 111|0x0000000089100000, 0x0000000089100000, 0x0000000089200000|  0%| F|  |TAMS 0x0000000089100000| PB 0x0000000089100000| Untracked |  0
| 112|0x0000000089200000, 0x0000000089200000, 0x0000000089300000|  0%| F|  |TAMS 0x0000000089200000| PB 0x0000000089200000| Untracked |  0
| 113|0x0000000089300000, 0x0000000089300000, 0x0000000089400000|  0%| F|  |TAMS 0x0000000089300000| PB 0x0000000089300000| Untracked |  0
| 114|0x0000000089400000, 0x0000000089400000, 0x0000000089500000|  0%| F|  |TAMS 0x0000000089400000| PB 0x0000000089400000| Untracked |  0
| 115|0x0000000089500000, 0x0000000089500000, 0x0000000089600000|  0%| F|  |TAMS 0x0000000089500000| PB 0x0000000089500000| Untracked |  0
| 116|0x0000000089600000, 0x0000000089600000, 0x0000000089700000|  0%| F|  |TAMS 0x0000000089600000| PB 0x0000000089600000| Untracked |  0
| 117|0x0000000089700000, 0x0000000089700000, 0x0000000089800000|  0%| F|  |TAMS 0x0000000089700000| PB 0x0000000089700000| Untracked |  0
| 118|0x0000000089800000, 0x0000000089800000, 0x0000000089900000|  0%| F|  |TAMS 0x0000000089800000| PB 0x0000000089800000| Untracked |  0
| 119|0x0000000089900000, 0x0000000089900000, 0x0000000089a00000|  0%| F|  |TAMS 0x0000000089900000| PB 0x0000000089900000| Untracked |  0
| 120|0x0000000089a00000, 0x0000000089a00000, 0x0000000089b00000|  0%| F|  |TAMS 0x0000000089a00000| PB 0x0000000089a00000| Untracked |  0
| 121|0x0000000089b00000, 0x0000000089b00000, 0x0000000089c00000|  0%| F|  |TAMS 0x0000000089b00000| PB 0x0000000089b00000| Untracked |  0
| 122|0x0000000089c00000, 0x0000000089c00000, 0x0000000089d00000|  0%| F|  |TAMS 0x0000000089c00000| PB 0x0000000089c00000| Untracked |  0
| 123|0x0000000089d00000, 0x0000000089e00000, 0x0000000089e00000|100%| E|  |TAMS 0x0000000089d00000| PB 0x0000000089d00000| Complete |  0
| 124|0x0000000089e00000, 0x0000000089f00000, 0x0000000089f00000|100%| E|CS|TAMS 0x0000000089e00000| PB 0x0000000089e00000| Complete |  0
| 125|0x0000000089f00000, 0x000000008a000000, 0x000000008a000000|100%| E|CS|TAMS 0x0000000089f00000| PB 0x0000000089f00000| Complete |  0

Card table byte_map: [0x000001542bda0000,0x000001542c190000] _byte_map_base: 0x000001542b98f000

Marking Bits: (CMBitMap*) 0x00000154146b3aa0
 Bits: [0x000001542c190000, 0x000001542e108000)

Polling page: 0x0000015413e30000

Metaspace:

Usage:
  Non-class:      1.12 MB used.
      Class:    121.55 KB used.
       Both:      1.24 MB used.

Virtual space:
  Non-class space:       64.00 MB reserved,       1.19 MB (  2%) committed,  1 nodes.
      Class space:        1.00 GB reserved,     192.00 KB ( <1%) committed,  1 nodes.
             Both:        1.06 GB reserved,       1.38 MB ( <1%) committed. 

Chunk freelists:
   Non-Class:  11.92 MB
       Class:  15.71 MB
        Both:  27.63 MB

MaxMetaspaceSize: unlimited
CompressedClassSpaceSize: 1.00 GB
Initial GC threshold: 21.00 MB
Current GC threshold: 21.00 MB
CDS: on
 - commit_granule_bytes: 65536.
 - commit_granule_words: 8192.
 - virtual_space_node_default_size: 8388608.
 - enlarge_chunks_in_place: 1.
 - use_allocation_guard: 0.


Internal statistics:

num_allocs_failed_limit: 0.
num_arena_births: 24.
num_arena_deaths: 0.
num_vsnodes_births: 2.
num_vsnodes_deaths: 0.
num_space_committed: 22.
num_space_uncommitted: 0.
num_chunks_returned_to_freelist: 0.
num_chunks_taken_from_freelist: 32.
num_chunk_merges: 0.
num_chunk_splits: 22.
num_chunks_enlarged: 15.
num_inconsistent_stats: 0.

CodeHeap 'non-profiled nmethods': size=120000Kb used=80Kb max_used=80Kb free=119919Kb
 bounds [0x0000015424480000, 0x00000154246f0000, 0x000001542b9b0000]
CodeHeap 'profiled nmethods': size=120000Kb used=246Kb max_used=246Kb free=119754Kb
 bounds [0x000001541c9b0000, 0x000001541cc20000, 0x0000015423ee0000]
CodeHeap 'non-nmethods': size=5760Kb used=1317Kb max_used=1317Kb free=4442Kb
 bounds [0x0000015423ee0000, 0x0000015424150000, 0x0000015424480000]
 total_blobs=667 nmethods=242 adapters=330
 compilation: enabled
              stopped_count=0, restarted_count=0
 full_count=0

Compilation events (20 events):
Event: 0.323 Thread 0x00000154305df560  230       3       java.lang.invoke.MethodType::checkPtypes (76 bytes)
Event: 0.324 Thread 0x00000154305df560 nmethod 230 0x000001541c9ea410 code [0x000001541c9ea6a0, 0x000001541c9eb130]
Event: 0.326 Thread 0x00000154305df560  231       3       java.lang.System::getSecurityManager (12 bytes)
Event: 0.326 Thread 0x00000154305df560 nmethod 231 0x000001541c9eb590 code [0x000001541c9eb720, 0x000001541c9eb890]
Event: 0.326 Thread 0x00000154305df560  232       3       java.lang.System::allowSecurityManager (13 bytes)
Event: 0.327 Thread 0x00000154305df560 nmethod 232 0x000001541c9eb910 code [0x000001541c9ebaa0, 0x000001541c9ebba0]
Event: 0.340 Thread 0x00000154305df560  233       3       java.lang.StringLatin1::lastIndexOf (40 bytes)
Event: 0.340 Thread 0x00000154305df560 nmethod 233 0x000001541c9ebc10 code [0x000001541c9ebde0, 0x000001541c9ec1d8]
Event: 0.341 Thread 0x00000154305df560  234       1       java.util.HashMap::size (5 bytes)
Event: 0.341 Thread 0x00000154305df560 nmethod 234 0x0000015424492f10 code [0x00000154244930a0, 0x0000015424493168]
Event: 0.341 Thread 0x00000154305df560  235       3       java.lang.Enum::<init> (15 bytes)
Event: 0.341 Thread 0x00000154305df560 nmethod 235 0x000001541c9ec310 code [0x000001541c9ec4a0, 0x000001541c9ec660]
Event: 0.346 Thread 0x00000154305df560  238       3       java.lang.ref.Reference::<init> (25 bytes)
Event: 0.346 Thread 0x00000154305df560 nmethod 238 0x000001541c9ec710 code [0x000001541c9ec8c0, 0x000001541c9ecb30]
Event: 0.346 Thread 0x00000154305df560  239       3       java.util.Arrays::copyOf (33 bytes)
Event: 0.347 Thread 0x00000154305df560 nmethod 239 0x000001541c9ecc10 code [0x000001541c9ecde0, 0x000001541c9ed2a8]
Event: 0.349 Thread 0x00000154305df560  240       3       java.util.HashMap$ValueIterator::next (8 bytes)
Event: 0.350 Thread 0x00000154305df560 nmethod 240 0x000001541c9ed410 code [0x000001541c9ed5c0, 0x000001541c9ed700]
Event: 0.350 Thread 0x00000154305df560  241       1       java.lang.Module::getDescriptor (5 bytes)
Event: 0.350 Thread 0x00000154305df560 nmethod 241 0x0000015424493e10 code [0x0000015424493fa0, 0x0000015424494068]

GC Heap History (0 events):
No events

Dll operation events (9 events):
Event: 0.055 Loaded shared library C:\Users\Pss\.jdks\openjdk-22.0.1\bin\java.dll
Event: 0.140 Loaded shared library C:\Users\Pss\.jdks\openjdk-22.0.1\bin\jsvml.dll
Event: 0.248 Loaded shared library C:\Users\Pss\.jdks\openjdk-22.0.1\bin\zip.dll
Event: 0.268 Loaded shared library C:\Users\Pss\.jdks\openjdk-22.0.1\bin\instrument.dll
Event: 0.281 Loaded shared library C:\Users\Pss\.jdks\openjdk-22.0.1\bin\net.dll
Event: 0.289 Loaded shared library C:\Users\Pss\.jdks\openjdk-22.0.1\bin\nio.dll
Event: 0.299 Loaded shared library C:\Users\Pss\.jdks\openjdk-22.0.1\bin\zip.dll
Event: 0.319 Loaded shared library C:\Program Files\JetBrains\IntelliJ IDEA 2023.3.4\bin\breakgen64.dll
Event: 0.338 Loaded shared library C:\Users\Pss\.jdks\openjdk-22.0.1\bin\extnet.dll

Deoptimization events (0 events):
No events

Classes loaded (20 events):
Event: 0.348 Loading class sun/net/spi/DefaultProxySelector$3 done
Event: 0.348 Loading class java/beans/PropertyChangeEvent done
Event: 0.348 Loading class sun/util/logging/PlatformLogger
Event: 0.348 Loading class sun/net/NetHooks
Event: 0.348 Loading class sun/util/logging/PlatformLogger done
Event: 0.348 Loading class sun/net/NetHooks done
Event: 0.348 Loading class sun/util/logging/PlatformLogger$Level
Event: 0.348 Loading class sun/nio/ch/NativeThread
Event: 0.348 Loading class sun/util/logging/PlatformLogger$Level done
Event: 0.348 Loading class sun/nio/ch/NativeThread done
Event: 0.348 Loading class java/lang/System$Logger$Level
Event: 0.348 Loading class java/lang/System$Logger$Level done
Event: 0.348 Loading class jdk/internal/logger/LazyLoggers
Event: 0.349 Loading class jdk/internal/logger/LazyLoggers done
Event: 0.349 Loading class jdk/internal/logger/LazyLoggers$1
Event: 0.349 Loading class jdk/internal/logger/LazyLoggers$1 done
Event: 0.349 Loading class jdk/internal/logger/LazyLoggers$LazyLoggerFactories
Event: 0.349 Loading class jdk/internal/logger/LazyLoggers$LazyLoggerFactories done
Event: 0.350 Loading class java/io/BufferedReader
Event: 0.351 Loading class java/io/BufferedReader done

Classes unloaded (0 events):
No events

Classes redefined (0 events):
No events

Internal exceptions (3 events):
Event: 0.301 Thread 0x0000015412451d40 Exception <a 'java/lang/NoSuchMethodError'{0x0000000089d96288}: 'void java.lang.invoke.DirectMethodHandle$Holder.invokeStatic(java.lang.Object, java.lang.Object, java.lang.Object)'> (0x0000000089d96288) 
thrown [s\open\src\hotspot\share\interpreter\linkResolver.cpp, line 774]
Event: 0.311 Thread 0x0000015412451d40 Exception <a 'java/lang/NoSuchMethodError'{0x0000000089dadd20}: 'java.lang.Object java.lang.invoke.Invokers$Holder.invokeExact_MT(java.lang.Object, java.lang.Object, java.lang.Object, java.lang.Object, java.lang.Object)'> (0x0000000089dadd20) 
thrown [s\open\src\hotspot\share\interpreter\linkResolver.cpp, line 774]
Event: 0.341 Thread 0x000001543084ddf0 Exception <a 'java/lang/NoSuchMethodError'{0x0000000089de2f38}: 'void java.lang.invoke.DirectMethodHandle$Holder.invokeStatic(java.lang.Object, java.lang.Object)'> (0x0000000089de2f38) 
thrown [s\open\src\hotspot\share\interpreter\linkResolver.cpp, line 774]

ZGC Phase Switch (0 events):
No events

VM Operations (2 events):
Event: 0.210 Executing VM operation: HandshakeAllThreads (Deoptimize)
Event: 0.210 Executing VM operation: HandshakeAllThreads (Deoptimize) done

Events (12 events):
Event: 0.085 Thread 0x0000015412451d40 Thread added: 0x0000015412451d40
Event: 0.133 Thread 0x00000154305c5410 Thread added: 0x00000154305c5410
Event: 0.133 Thread 0x00000154305c6330 Thread added: 0x00000154305c6330
Event: 0.134 Thread 0x00000154305ca7b0 Thread added: 0x00000154305ca7b0
Event: 0.134 Thread 0x00000154305cd320 Thread added: 0x00000154305cd320
Event: 0.134 Thread 0x00000154305d5d90 Thread added: 0x00000154305d5d90
Event: 0.135 Thread 0x00000154305dbd10 Thread added: 0x00000154305dbd10
Event: 0.135 Thread 0x00000154305dcaa0 Thread added: 0x00000154305dcaa0
Event: 0.136 Thread 0x00000154305df560 Thread added: 0x00000154305df560
Event: 0.191 Thread 0x0000015430772b40 Thread added: 0x0000015430772b40
Event: 0.320 Thread 0x000001543084ddf0 Thread added: 0x000001543084ddf0
Event: 0.320 Thread 0x000001543084e460 Thread added: 0x000001543084e460


Dynamic libraries:
0x00007ff7996f0000 - 0x00007ff7996fe000 	C:\Users\Pss\.jdks\openjdk-22.0.1\bin\java.exe
0x00007ffd6a0d0000 - 0x00007ffd6a2c8000 	C:\WINDOWS\SYSTEM32\ntdll.dll
0x00007ffd69a70000 - 0x00007ffd69b32000 	C:\WINDOWS\System32\KERNEL32.DLL
0x00007ffd67910000 - 0x00007ffd67c06000 	C:\WINDOWS\System32\KERNELBASE.dll
0x00007ffd67d50000 - 0x00007ffd67e50000 	C:\WINDOWS\System32\ucrtbase.dll
0x00007ffd61020000 - 0x00007ffd6103b000 	C:\Users\Pss\.jdks\openjdk-22.0.1\bin\VCRUNTIME140.dll
0x00007ffd60770000 - 0x00007ffd60787000 	C:\Users\Pss\.jdks\openjdk-22.0.1\bin\jli.dll
0x00007ffd68110000 - 0x00007ffd682ad000 	C:\WINDOWS\System32\USER32.dll
0x00007ffd67c90000 - 0x00007ffd67cb2000 	C:\WINDOWS\System32\win32u.dll
0x00007ffd69470000 - 0x00007ffd6949b000 	C:\WINDOWS\System32\GDI32.dll
0x00007ffd677c0000 - 0x00007ffd678da000 	C:\WINDOWS\System32\gdi32full.dll
0x00007ffd569a0000 - 0x00007ffd56c3a000 	C:\WINDOWS\WinSxS\amd64_microsoft.windows.common-controls_6595b64144ccf1df_6.0.19041.5794_none_60bcd33171f2783c\COMCTL32.dll
0x00007ffd68060000 - 0x00007ffd680fd000 	C:\WINDOWS\System32\msvcp_win.dll
0x00007ffd69c10000 - 0x00007ffd69cae000 	C:\WINDOWS\System32\msvcrt.dll
0x00007ffd69a40000 - 0x00007ffd69a6f000 	C:\WINDOWS\System32\IMM32.DLL
0x00007ffd625a0000 - 0x00007ffd625ac000 	C:\Users\Pss\.jdks\openjdk-22.0.1\bin\vcruntime140_1.dll
0x00007ffd57f10000 - 0x00007ffd57f9e000 	C:\Users\Pss\.jdks\openjdk-22.0.1\bin\msvcp140.dll
0x00007ffd04720000 - 0x00007ffd05467000 	C:\Users\Pss\.jdks\openjdk-22.0.1\bin\server\jvm.dll
0x00007ffd688f0000 - 0x00007ffd6899f000 	C:\WINDOWS\System32\ADVAPI32.dll
0x00007ffd68360000 - 0x00007ffd683ff000 	C:\WINDOWS\System32\sechost.dll
0x00007ffd69d10000 - 0x00007ffd69e33000 	C:\WINDOWS\System32\RPCRT4.dll
0x00007ffd678e0000 - 0x00007ffd67907000 	C:\WINDOWS\System32\bcrypt.dll
0x00007ffd69b40000 - 0x00007ffd69bab000 	C:\WINDOWS\System32\WS2_32.dll
0x00007ffd675d0000 - 0x00007ffd6761b000 	C:\WINDOWS\SYSTEM32\POWRPROF.dll
0x00007ffd555b0000 - 0x00007ffd555ba000 	C:\WINDOWS\SYSTEM32\VERSION.dll
0x00007ffd51f40000 - 0x00007ffd51f67000 	C:\WINDOWS\SYSTEM32\WINMM.dll
0x00007ffd675b0000 - 0x00007ffd675c2000 	C:\WINDOWS\SYSTEM32\UMPDC.dll
0x00007ffd655b0000 - 0x00007ffd655c2000 	C:\WINDOWS\SYSTEM32\kernel.appcore.dll
0x00007ffd62570000 - 0x00007ffd6257a000 	C:\Users\Pss\.jdks\openjdk-22.0.1\bin\jimage.dll
0x00007ffd4e0f0000 - 0x00007ffd4e2f1000 	C:\WINDOWS\SYSTEM32\DBGHELP.DLL
0x00007ffd4d2e0000 - 0x00007ffd4d314000 	C:\WINDOWS\SYSTEM32\dbgcore.DLL
0x00007ffd67cc0000 - 0x00007ffd67d42000 	C:\WINDOWS\System32\bcryptPrimitives.dll
0x00007ffd61060000 - 0x00007ffd6106f000 	C:\Users\Pss\.jdks\openjdk-22.0.1\bin\instrument.dll
0x00007ffd5ff50000 - 0x00007ffd5ff6e000 	C:\Users\Pss\.jdks\openjdk-22.0.1\bin\java.dll
0x00007ffd689d0000 - 0x00007ffd6913e000 	C:\WINDOWS\System32\SHELL32.dll
0x00007ffd69340000 - 0x00007ffd6946b000 	C:\WINDOWS\System32\ole32.dll
0x00007ffd69560000 - 0x00007ffd698b3000 	C:\WINDOWS\System32\combase.dll
0x00007ffd657b0000 - 0x00007ffd65f53000 	C:\WINDOWS\SYSTEM32\windows.storage.dll
0x00007ffd66ff0000 - 0x00007ffd6701b000 	C:\WINDOWS\SYSTEM32\Wldp.dll
0x00007ffd69970000 - 0x00007ffd69a3d000 	C:\WINDOWS\System32\OLEAUT32.dll
0x00007ffd698c0000 - 0x00007ffd6996d000 	C:\WINDOWS\System32\SHCORE.dll
0x00007ffd69cb0000 - 0x00007ffd69d05000 	C:\WINDOWS\System32\shlwapi.dll
0x00007ffd676a0000 - 0x00007ffd676c5000 	C:\WINDOWS\SYSTEM32\profapi.dll
0x00007ffd57e30000 - 0x00007ffd57f07000 	C:\Users\Pss\.jdks\openjdk-22.0.1\bin\jsvml.dll
0x00007ffd5f6f0000 - 0x00007ffd5f707000 	C:\Users\Pss\.jdks\openjdk-22.0.1\bin\zip.dll
0x00007ffd61010000 - 0x00007ffd61020000 	C:\Users\Pss\.jdks\openjdk-22.0.1\bin\net.dll
0x00007ffd66dd0000 - 0x00007ffd66e3c000 	C:\WINDOWS\system32\mswsock.dll
0x00007ffd5f6d0000 - 0x00007ffd5f6e6000 	C:\Users\Pss\.jdks\openjdk-22.0.1\bin\nio.dll
0x00007ffd5c2c0000 - 0x00007ffd5c2da000 	C:\Program Files\JetBrains\IntelliJ IDEA 2023.3.4\bin\breakgen64.dll
0x00007ffd5fb30000 - 0x00007ffd5fb39000 	C:\Users\Pss\.jdks\openjdk-22.0.1\bin\extnet.dll

dbghelp: loaded successfully - version: 4.0.5 - missing functions: none
symbol engine: initialized successfully - sym options: 0x614 - pdb path: .;C:\Users\Pss\.jdks\openjdk-22.0.1\bin;C:\WINDOWS\SYSTEM32;C:\WINDOWS\WinSxS\amd64_microsoft.windows.common-controls_6595b64144ccf1df_6.0.19041.5794_none_60bcd33171f2783c;C:\Users\Pss\.jdks\openjdk-22.0.1\bin\server;C:\Program Files\JetBrains\IntelliJ IDEA 2023.3.4\bin

VM Arguments:
jvm_args: --enable-preview -javaagent:C:\Program Files\JetBrains\IntelliJ IDEA 2023.3.4\lib\idea_rt.jar=57306:C:\Program Files\JetBrains\IntelliJ IDEA 2023.3.4\bin -Dfile.encoding=UTF-8 -Dsun.stdout.encoding=UTF-8 -Dsun.stderr.encoding=UTF-8 
java_command: com.vector.editor.view.MainFrame
java_class_path (initial): C:\Users\Pss\Desktop\psb\2025s_swproj\out\production\2025s_swproj
Launcher Type: SUN_STANDARD

[Global flags]
     intx CICompilerCount                          = 3                                         {product} {ergonomic}
     uint ConcGCThreads                            = 1                                         {product} {ergonomic}
     uint G1ConcRefinementThreads                  = 4                                         {product} {ergonomic}
   size_t G1HeapRegionSize                         = 1048576                                   {product} {ergonomic}
   size_t InitialHeapSize                          = 132120576                                 {product} {ergonomic}
   size_t MarkStackSize                            = 4194304                                   {product} {ergonomic}
   size_t MaxHeapSize                              = 2111832064                                {product} {ergonomic}
   size_t MaxNewSize                               = 1266679808                                {product} {ergonomic}
   size_t MinHeapDeltaBytes                        = 1048576                                   {product} {ergonomic}
   size_t MinHeapSize                              = 8388608                                   {product} {ergonomic}
    uintx NonNMethodCodeHeapSize                   = 5832780                                {pd product} {ergonomic}
    uintx NonProfiledCodeHeapSize                  = 122912730                              {pd product} {ergonomic}
    uintx ProfiledCodeHeapSize                     = 122912730                              {pd product} {ergonomic}
    uintx ReservedCodeCacheSize                    = 251658240                              {pd product} {ergonomic}
     bool SegmentedCodeCache                       = true                                      {product} {ergonomic}
   size_t SoftMaxHeapSize                          = 2111832064                             {manageable} {ergonomic}
     bool UseCompressedOops                        = true                           {product lp64_product} {ergonomic}
     bool UseG1GC                                  = true                                      {product} {ergonomic}
     bool UseLargePagesIndividualAllocation        = false                                  {pd product} {ergonomic}

Logging:
Log output configuration:
 #0: stdout all=warning uptime,level,tags foldmultilines=false
 #1: stderr all=off uptime,level,tags foldmultilines=false

Environment Variables:
PATH=C:\Program Files\Common Files\Oracle\Java\javapath;C:\Program Files (x86)\Common Files\Oracle\Java\javapath;C:\WINDOWS\system32;C:\WINDOWS;C:\WINDOWS\System32\Wbem;C:\WINDOWS\System32\WindowsPowerShell\v1.0\;C:\WINDOWS\System32\OpenSSH\;C:\Program Files\Graphviz 2.44.1\bin;C:\Program Files (x86)\Git\cmd;C:\ProgramData\chocolatey\bin;C:\Program Files\nodejs\;C:\Program Files (x86)\ePapyrus\SDPlugin\addins;C:\Program Files\CMake\bin;C:\Users\Pss\AppData\Local\Programs\Python\Python313\Scripts\;C:\Users\Pss\AppData\Local\Programs\Python\Python313\;C:\Users\Pss\AppData\Local\Programs\Python\Python38\Scripts\;C:\Users\Pss\AppData\Local\Programs\Python\Python38\;C:\Users\Pss\AppData\Local\Programs\Python\Python38-32\Scripts\;C:\Users\Pss\AppData\Local\Programs\Python\Python38-32\;C:\Users\Pss\AppData\Local\Microsoft\WindowsApps;C:\intelFPGA\18.1\modelsim_ase\win32aloem;C:\Users\Pss\AppData\Local\Coursier\data\bin;C:\scala\scala-2.13.12bin;C:\tools\mysql\current\bin;C:\Users\Pss\AppData\Roaming\npm;C:\dart-sdk\bin;C:\flutter\bin;C:\Users\Pss\AppData\Local\Pub\Cache\bin
USERNAME=Pss
TMPDIR=C:\Users\Public\Documents\ESTsoft\CreatorTemp
OS=Windows_NT
PROCESSOR_IDENTIFIER=Intel64 Family 6 Model 78 Stepping 3, GenuineIntel
TMP=C:\Users\Pss\AppData\Local\Temp
TEMP=C:\Users\Pss\AppData\Local\Temp




Periodic native trim disabled

---------------  S Y S T E M  ---------------

OS:
 Windows 10 , 64 bit Build 19041 (10.0.19041.5794)
OS uptime: 14 days 19:15 hours
Hyper-V role detected

CPU: total 4 (initial active 4) (2 cores per cpu, 2 threads per core) family 6 model 78 stepping 3 microcode 0xcc, cx8, cmov, fxsr, ht, mmx, 3dnowpref, sse, sse2, sse3, ssse3, sse4.1, sse4.2, popcnt, lzcnt, tsc, tscinvbit, avx, avx2, aes, erms, clmul, bmi1, bmi2, rtm, adx, fma, vzeroupper, clflush, clflushopt, hv, rdtscp, f16c
Processor Information for all 4 processors :
  Max Mhz: 2301, Current Mhz: 2301, Mhz Limit: 2301

Memory: 4k page, system-wide physical 8055M (1398M free)
TotalPageFile size 29420M (AvailPageFile size 59M)
current process WorkingSet (physical memory assigned to process): 41M, peak: 41M
current process commit charge ("private bytes"): 200M, peak: 200M

vm_info: OpenJDK 64-Bit Server VM (22.0.1+8-16) for windows-amd64 JRE (22.0.1+8-16), built on 2024-03-12T10:33:16Z by "mach5one" with MS VC++ 17.6 (VS2022)

END.
