#
# There is insufficient memory for the Java Runtime Environment to continue.
# Native memory allocation (malloc) failed to allocate 111776 bytes. Error detail: Chunk::new
# Possible reasons:
#   The system is out of physical RAM or swap space
#   This process is running with CompressedOops enabled, and the Java Heap may be blocking the growth of the native heap
# Possible solutions:
#   Reduce memory load on the system
#   Increase physical memory or swap space
#   Check if swap backing store is full
#   Decrease Java heap size (-Xmx/-Xms)
#   Decrease number of Java threads
#   Decrease Java thread stack sizes (-Xss)
#   Set larger code cache with -XX:ReservedCodeCacheSize=
#   JVM is running with Unscaled Compressed Oops mode in which the Java heap is
#     placed in the first 4GB address space. The Java Heap base address is the
#     maximum limit for the native heap growth. Please use -XX:HeapBaseMinAddress
#     to set the Java Heap base and to place the Java Heap above 4GB virtual address.
# This output file may be truncated or incomplete.
#
#  Out of Memory Error (arena.cpp:150), pid=29072, tid=21128
#
# JRE version: OpenJDK Runtime Environment (22.0.1+8) (build 22.0.1+8-16)
# Java VM: OpenJDK 64-Bit Server VM (22.0.1+8-16, mixed mode, sharing, tiered, compressed oops, compressed class ptrs, g1 gc, windows-amd64)
# No core dump will be written. Minidumps are not enabled by default on client versions of Windows
#

---------------  S U M M A R Y ------------

Command Line: --enable-preview -javaagent:C:\Program Files\JetBrains\IntelliJ IDEA 2023.3.4\lib\idea_rt.jar=59446:C:\Program Files\JetBrains\IntelliJ IDEA 2023.3.4\bin -Dfile.encoding=UTF-8 -Dsun.stdout.encoding=UTF-8 -Dsun.stderr.encoding=UTF-8 com.vector.editor.view.MainFrame

Host: Intel(R) Core(TM) i3-6100U CPU @ 2.30GHz, 4 cores, 7G,  Windows 10 , 64 bit Build 19041 (10.0.19041.5794)
Time: Sat Jun  7 17:45:30 2025  Windows 10 , 64 bit Build 19041 (10.0.19041.5794) elapsed time: 1.108844 seconds (0d 0h 0m 1s)

---------------  T H R E A D  ---------------

Current thread (0x000001acfce43b50):  JavaThread "C2 CompilerThread0" daemon [_thread_in_native, id=21128, stack(0x00000003eac00000,0x00000003ead00000) (1024K)]


Current CompileTask:
C2:1109  782 %     4       sun.awt.image.PNGImageDecoder::filterRow @ 47 (460 bytes)

Stack: [0x00000003eac00000,0x00000003ead00000]
Native frames: (J=compiled Java code, j=interpreted, Vv=VM code, C=native code)
V  [jvm.dll+0x6e2279]  (no source info available)
V  [jvm.dll+0x874e33]  (no source info available)
V  [jvm.dll+0x87725e]  (no source info available)
V  [jvm.dll+0x877933]  (no source info available)
V  [jvm.dll+0x27fd76]  (no source info available)
V  [jvm.dll+0xc3d0f]  (no source info available)
V  [jvm.dll+0xc3f6b]  (no source info available)
V  [jvm.dll+0x2f3c2f]  (no source info available)
V  [jvm.dll+0x60bc9a]  (no source info available)
V  [jvm.dll+0x249a35]  (no source info available)
V  [jvm.dll+0x246ec6]  (no source info available)
V  [jvm.dll+0x1c4e90]  (no source info available)
V  [jvm.dll+0x2569fe]  (no source info available)
V  [jvm.dll+0x254cba]  (no source info available)
V  [jvm.dll+0x3f5336]  (no source info available)
V  [jvm.dll+0x81d44b]  (no source info available)
V  [jvm.dll+0x6e0915]  (no source info available)
C  [ucrtbase.dll+0x21bb2]  (no source info available)
C  [KERNEL32.DLL+0x17374]  (no source info available)
C  [ntdll.dll+0x4cc91]  (no source info available)


---------------  P R O C E S S  ---------------

Threads class SMR info:
_java_thread_list=0x000001acc53fb1e0, length=19, elements={
0x000001acfce37920, 0x000001acfce38450, 0x000001acfce3be40, 0x000001acfce3e4c0,
0x000001acfce3eb30, 0x000001acfce431b0, 0x000001acfce43b50, 0x000001acfce46640,
0x000001acfce038c0, 0x000001acc52356b0, 0x000001acc52707c0, 0x000001acc538a970,
0x000001acc538c870, 0x000001acc538d8d0, 0x000001acc53a4d70, 0x000001acdedd1c10,
0x000001acc540f220, 0x000001acc6db99d0, 0x000001acc6db77e0
}

Java Threads: ( => current thread )
  0x000001acfce37920 JavaThread "Reference Handler"          daemon [_thread_blocked, id=18336, stack(0x00000003ea600000,0x00000003ea700000) (1024K)]
  0x000001acfce38450 JavaThread "Finalizer"                  daemon [_thread_blocked, id=1628, stack(0x00000003ea700000,0x00000003ea800000) (1024K)]
  0x000001acfce3be40 JavaThread "Signal Dispatcher"          daemon [_thread_blocked, id=24624, stack(0x00000003ea800000,0x00000003ea900000) (1024K)]
  0x000001acfce3e4c0 JavaThread "Attach Listener"            daemon [_thread_blocked, id=15512, stack(0x00000003ea900000,0x00000003eaa00000) (1024K)]
  0x000001acfce3eb30 JavaThread "Service Thread"             daemon [_thread_blocked, id=1508, stack(0x00000003eaa00000,0x00000003eab00000) (1024K)]
  0x000001acfce431b0 JavaThread "Monitor Deflation Thread"   daemon [_thread_blocked, id=27380, stack(0x00000003eab00000,0x00000003eac00000) (1024K)]
=>0x000001acfce43b50 JavaThread "C2 CompilerThread0"         daemon [_thread_in_native, id=21128, stack(0x00000003eac00000,0x00000003ead00000) (1024K)]
  0x000001acfce46640 JavaThread "C1 CompilerThread0"         daemon [_thread_blocked, id=20168, stack(0x00000003ead00000,0x00000003eae00000) (1024K)]
  0x000001acfce038c0 JavaThread "Common-Cleaner"             daemon [_thread_blocked, id=26772, stack(0x00000003eae00000,0x00000003eaf00000) (1024K)]
  0x000001acc52356b0 JavaThread "Monitor Ctrl-Break"         daemon [_thread_in_native, id=7092, stack(0x00000003eaf00000,0x00000003eb000000) (1024K)]
  0x000001acc52707c0 JavaThread "Notification Thread"        daemon [_thread_blocked, id=33128, stack(0x00000003eb000000,0x00000003eb100000) (1024K)]
  0x000001acc538a970 JavaThread "Java2D Disposer"            daemon [_thread_blocked, id=19448, stack(0x00000003eb100000,0x00000003eb200000) (1024K)]
  0x000001acc538c870 JavaThread "AWT-Shutdown"                      [_thread_blocked, id=19668, stack(0x00000003eb200000,0x00000003eb300000) (1024K)]
  0x000001acc538d8d0 JavaThread "AWT-Windows"                daemon [_thread_in_native, id=2724, stack(0x00000003eb300000,0x00000003eb400000) (1024K)]
  0x000001acc53a4d70 JavaThread "AWT-EventQueue-0"                  [_thread_in_vm, id=23920, stack(0x00000003eb400000,0x00000003eb500000) (1024K)]
  0x000001acdedd1c10 JavaThread "DestroyJavaVM"                     [_thread_blocked, id=27168, stack(0x00000003e9e00000,0x00000003e9f00000) (1024K)]
  0x000001acc540f220 JavaThread "Image Fetcher 0"            daemon [_thread_blocked, id=14120, stack(0x00000003eb500000,0x00000003eb600000) (1024K)]
  0x000001acc6db99d0 JavaThread "Image Fetcher 1"            daemon [_thread_blocked, id=26108, stack(0x00000003eb600000,0x00000003eb700000) (1024K)]
  0x000001acc6db77e0 JavaThread "C2 CompilerThread1"         daemon [_thread_in_native, id=16208, stack(0x00000003eb700000,0x00000003eb800000) (1024K)]
Total: 19

Other Threads:
  0x000001acfce19b50 VMThread "VM Thread"                           [id=14800, stack(0x00000003ea500000,0x00000003ea600000) (1024K)]
  0x000001acfce030c0 WatcherThread "VM Periodic Task Thread"        [id=23884, stack(0x00000003ea400000,0x00000003ea500000) (1024K)]
  0x000001ace0f23180 WorkerThread "GC Thread#0"                     [id=5524, stack(0x00000003e9f00000,0x00000003ea000000) (1024K)]
  0x000001ace0f33ee0 ConcurrentGCThread "G1 Main Marker"            [id=30868, stack(0x00000003ea000000,0x00000003ea100000) (1024K)]
  0x000001ace0f35190 WorkerThread "G1 Conc#0"                       [id=19208, stack(0x00000003ea100000,0x00000003ea200000) (1024K)]
  0x000001ace0f9e6d0 ConcurrentGCThread "G1 Refine#0"               [id=6096, stack(0x00000003ea200000,0x00000003ea300000) (1024K)]
  0x000001acfccd40d0 ConcurrentGCThread "G1 Service"                [id=29476, stack(0x00000003ea300000,0x00000003ea400000) (1024K)]
Total: 7

Threads with active compile tasks:
C2 CompilerThread0  1684  782 %     4       sun.awt.image.PNGImageDecoder::filterRow @ 47 (460 bytes)
C2 CompilerThread1  1685  792 % !   4       sun.awt.image.PNGImageDecoder::produceImage @ 960 (1917 bytes)
Total: 2

VM state: not at safepoint (normal execution)

VM Mutex/Monitor currently owned by a thread:  ([mutex/lock_event])
[0x00007ffd0c5b9b38] Metaspace_lock - owner thread: 0x000001acc53a4d70

Heap address: 0x0000000082200000, size: 2014 MB, Compressed Oops mode: 32-bit

CDS archive(s) mapped at: [0x000001ac80000000-0x000001ac80c50000-0x000001ac80c50000), size 12910592, SharedBaseAddress: 0x000001ac80000000, ArchiveRelocationMode: 1.
Compressed class space mapped at: 0x000001ac81000000-0x000001acc1000000, reserved size: 1073741824
Narrow klass base: 0x000001ac80000000, Narrow klass shift: 0, Narrow klass range: 0x41000000

GC Precious Log:
 CardTable entry size: 512
 Card Set container configuration: InlinePtr #cards 5 size 8 Array Of Cards #cards 12 size 40 Howl #buckets 4 coarsen threshold 1843 Howl Bitmap #cards 512 size 80 coarsen threshold 460 Card regions per heap region 1 cards per card region 2048
 CPUs: 4 total, 4 available
 Memory: 8055M
 Large Page Support: Disabled
 NUMA Support: Disabled
 Compressed Oops: Enabled (32-bit)
 Heap Region Size: 1M
 Heap Min Capacity: 8M
 Heap Initial Capacity: 126M
 Heap Max Capacity: 2014M
 Pre-touch: Disabled
 Parallel Workers: 4
 Concurrent Workers: 1
 Concurrent Refinement Workers: 4
 Periodic GC: Disabled

Heap:
 garbage-first heap   total reserved 2062336K, committed 129024K, used 11264K [0x0000000082200000, 0x0000000100000000)
  region size 1024K, 10 young (10240K), 0 survivors (0K)
 Metaspace       used 6295K, committed 6464K, reserved 1114112K
  class space    used 670K, committed 768K, reserved 1048576K

Heap Regions: E=young(eden), S=young(survivor), O=old, HS=humongous(starts), HC=humongous(continues), CS=collection set, F=free, TAMS=top-at-mark-start, PB=parsable bottom
|   0|0x0000000082200000, 0x0000000082300000, 0x0000000082300000|100%|HS|  |TAMS 0x0000000082200000| PB 0x0000000082200000| Complete |  0
|   1|0x0000000082300000, 0x0000000082400000, 0x0000000082400000|100%|HC|  |TAMS 0x0000000082300000| PB 0x0000000082300000| Complete |  0
|   2|0x0000000082400000, 0x0000000082400000, 0x0000000082500000|  0%| F|  |TAMS 0x0000000082400000| PB 0x0000000082400000| Untracked |  0
|   3|0x0000000082500000, 0x0000000082500000, 0x0000000082600000|  0%| F|  |TAMS 0x0000000082500000| PB 0x0000000082500000| Untracked |  0
|   4|0x0000000082600000, 0x0000000082600000, 0x0000000082700000|  0%| F|  |TAMS 0x0000000082600000| PB 0x0000000082600000| Untracked |  0
|   5|0x0000000082700000, 0x0000000082700000, 0x0000000082800000|  0%| F|  |TAMS 0x0000000082700000| PB 0x0000000082700000| Untracked |  0
|   6|0x0000000082800000, 0x0000000082800000, 0x0000000082900000|  0%| F|  |TAMS 0x0000000082800000| PB 0x0000000082800000| Untracked |  0
|   7|0x0000000082900000, 0x0000000082900000, 0x0000000082a00000|  0%| F|  |TAMS 0x0000000082900000| PB 0x0000000082900000| Untracked |  0
|   8|0x0000000082a00000, 0x0000000082a00000, 0x0000000082b00000|  0%| F|  |TAMS 0x0000000082a00000| PB 0x0000000082a00000| Untracked |  0
|   9|0x0000000082b00000, 0x0000000082b00000, 0x0000000082c00000|  0%| F|  |TAMS 0x0000000082b00000| PB 0x0000000082b00000| Untracked |  0
|  10|0x0000000082c00000, 0x0000000082c00000, 0x0000000082d00000|  0%| F|  |TAMS 0x0000000082c00000| PB 0x0000000082c00000| Untracked |  0
|  11|0x0000000082d00000, 0x0000000082d00000, 0x0000000082e00000|  0%| F|  |TAMS 0x0000000082d00000| PB 0x0000000082d00000| Untracked |  0
|  12|0x0000000082e00000, 0x0000000082e00000, 0x0000000082f00000|  0%| F|  |TAMS 0x0000000082e00000| PB 0x0000000082e00000| Untracked |  0
|  13|0x0000000082f00000, 0x0000000082f00000, 0x0000000083000000|  0%| F|  |TAMS 0x0000000082f00000| PB 0x0000000082f00000| Untracked |  0
|  14|0x0000000083000000, 0x0000000083000000, 0x0000000083100000|  0%| F|  |TAMS 0x0000000083000000| PB 0x0000000083000000| Untracked |  0
|  15|0x0000000083100000, 0x0000000083100000, 0x0000000083200000|  0%| F|  |TAMS 0x0000000083100000| PB 0x0000000083100000| Untracked |  0
|  16|0x0000000083200000, 0x0000000083200000, 0x0000000083300000|  0%| F|  |TAMS 0x0000000083200000| PB 0x0000000083200000| Untracked |  0
|  17|0x0000000083300000, 0x0000000083300000, 0x0000000083400000|  0%| F|  |TAMS 0x0000000083300000| PB 0x0000000083300000| Untracked |  0
|  18|0x0000000083400000, 0x0000000083400000, 0x0000000083500000|  0%| F|  |TAMS 0x0000000083400000| PB 0x0000000083400000| Untracked |  0
|  19|0x0000000083500000, 0x0000000083500000, 0x0000000083600000|  0%| F|  |TAMS 0x0000000083500000| PB 0x0000000083500000| Untracked |  0
|  20|0x0000000083600000, 0x0000000083600000, 0x0000000083700000|  0%| F|  |TAMS 0x0000000083600000| PB 0x0000000083600000| Untracked |  0
|  21|0x0000000083700000, 0x0000000083700000, 0x0000000083800000|  0%| F|  |TAMS 0x0000000083700000| PB 0x0000000083700000| Untracked |  0
|  22|0x0000000083800000, 0x0000000083800000, 0x0000000083900000|  0%| F|  |TAMS 0x0000000083800000| PB 0x0000000083800000| Untracked |  0
|  23|0x0000000083900000, 0x0000000083900000, 0x0000000083a00000|  0%| F|  |TAMS 0x0000000083900000| PB 0x0000000083900000| Untracked |  0
|  24|0x0000000083a00000, 0x0000000083a00000, 0x0000000083b00000|  0%| F|  |TAMS 0x0000000083a00000| PB 0x0000000083a00000| Untracked |  0
|  25|0x0000000083b00000, 0x0000000083b00000, 0x0000000083c00000|  0%| F|  |TAMS 0x0000000083b00000| PB 0x0000000083b00000| Untracked |  0
|  26|0x0000000083c00000, 0x0000000083c00000, 0x0000000083d00000|  0%| F|  |TAMS 0x0000000083c00000| PB 0x0000000083c00000| Untracked |  0
|  27|0x0000000083d00000, 0x0000000083d00000, 0x0000000083e00000|  0%| F|  |TAMS 0x0000000083d00000| PB 0x0000000083d00000| Untracked |  0
|  28|0x0000000083e00000, 0x0000000083e00000, 0x0000000083f00000|  0%| F|  |TAMS 0x0000000083e00000| PB 0x0000000083e00000| Untracked |  0
|  29|0x0000000083f00000, 0x0000000083f00000, 0x0000000084000000|  0%| F|  |TAMS 0x0000000083f00000| PB 0x0000000083f00000| Untracked |  0
|  30|0x0000000084000000, 0x0000000084000000, 0x0000000084100000|  0%| F|  |TAMS 0x0000000084000000| PB 0x0000000084000000| Untracked |  0
|  31|0x0000000084100000, 0x0000000084100000, 0x0000000084200000|  0%| F|  |TAMS 0x0000000084100000| PB 0x0000000084100000| Untracked |  0
|  32|0x0000000084200000, 0x0000000084200000, 0x0000000084300000|  0%| F|  |TAMS 0x0000000084200000| PB 0x0000000084200000| Untracked |  0
|  33|0x0000000084300000, 0x0000000084300000, 0x0000000084400000|  0%| F|  |TAMS 0x0000000084300000| PB 0x0000000084300000| Untracked |  0
|  34|0x0000000084400000, 0x0000000084400000, 0x0000000084500000|  0%| F|  |TAMS 0x0000000084400000| PB 0x0000000084400000| Untracked |  0
|  35|0x0000000084500000, 0x0000000084500000, 0x0000000084600000|  0%| F|  |TAMS 0x0000000084500000| PB 0x0000000084500000| Untracked |  0
|  36|0x0000000084600000, 0x0000000084600000, 0x0000000084700000|  0%| F|  |TAMS 0x0000000084600000| PB 0x0000000084600000| Untracked |  0
|  37|0x0000000084700000, 0x0000000084700000, 0x0000000084800000|  0%| F|  |TAMS 0x0000000084700000| PB 0x0000000084700000| Untracked |  0
|  38|0x0000000084800000, 0x0000000084800000, 0x0000000084900000|  0%| F|  |TAMS 0x0000000084800000| PB 0x0000000084800000| Untracked |  0
|  39|0x0000000084900000, 0x0000000084900000, 0x0000000084a00000|  0%| F|  |TAMS 0x0000000084900000| PB 0x0000000084900000| Untracked |  0
|  40|0x0000000084a00000, 0x0000000084a00000, 0x0000000084b00000|  0%| F|  |TAMS 0x0000000084a00000| PB 0x0000000084a00000| Untracked |  0
|  41|0x0000000084b00000, 0x0000000084b00000, 0x0000000084c00000|  0%| F|  |TAMS 0x0000000084b00000| PB 0x0000000084b00000| Untracked |  0
|  42|0x0000000084c00000, 0x0000000084c00000, 0x0000000084d00000|  0%| F|  |TAMS 0x0000000084c00000| PB 0x0000000084c00000| Untracked |  0
|  43|0x0000000084d00000, 0x0000000084d00000, 0x0000000084e00000|  0%| F|  |TAMS 0x0000000084d00000| PB 0x0000000084d00000| Untracked |  0
|  44|0x0000000084e00000, 0x0000000084e00000, 0x0000000084f00000|  0%| F|  |TAMS 0x0000000084e00000| PB 0x0000000084e00000| Untracked |  0
|  45|0x0000000084f00000, 0x0000000084f00000, 0x0000000085000000|  0%| F|  |TAMS 0x0000000084f00000| PB 0x0000000084f00000| Untracked |  0
|  46|0x0000000085000000, 0x0000000085000000, 0x0000000085100000|  0%| F|  |TAMS 0x0000000085000000| PB 0x0000000085000000| Untracked |  0
|  47|0x0000000085100000, 0x0000000085100000, 0x0000000085200000|  0%| F|  |TAMS 0x0000000085100000| PB 0x0000000085100000| Untracked |  0
|  48|0x0000000085200000, 0x0000000085200000, 0x0000000085300000|  0%| F|  |TAMS 0x0000000085200000| PB 0x0000000085200000| Untracked |  0
|  49|0x0000000085300000, 0x0000000085300000, 0x0000000085400000|  0%| F|  |TAMS 0x0000000085300000| PB 0x0000000085300000| Untracked |  0
|  50|0x0000000085400000, 0x0000000085400000, 0x0000000085500000|  0%| F|  |TAMS 0x0000000085400000| PB 0x0000000085400000| Untracked |  0
|  51|0x0000000085500000, 0x0000000085500000, 0x0000000085600000|  0%| F|  |TAMS 0x0000000085500000| PB 0x0000000085500000| Untracked |  0
|  52|0x0000000085600000, 0x0000000085600000, 0x0000000085700000|  0%| F|  |TAMS 0x0000000085600000| PB 0x0000000085600000| Untracked |  0
|  53|0x0000000085700000, 0x0000000085700000, 0x0000000085800000|  0%| F|  |TAMS 0x0000000085700000| PB 0x0000000085700000| Untracked |  0
|  54|0x0000000085800000, 0x0000000085800000, 0x0000000085900000|  0%| F|  |TAMS 0x0000000085800000| PB 0x0000000085800000| Untracked |  0
|  55|0x0000000085900000, 0x0000000085900000, 0x0000000085a00000|  0%| F|  |TAMS 0x0000000085900000| PB 0x0000000085900000| Untracked |  0
|  56|0x0000000085a00000, 0x0000000085a00000, 0x0000000085b00000|  0%| F|  |TAMS 0x0000000085a00000| PB 0x0000000085a00000| Untracked |  0
|  57|0x0000000085b00000, 0x0000000085b00000, 0x0000000085c00000|  0%| F|  |TAMS 0x0000000085b00000| PB 0x0000000085b00000| Untracked |  0
|  58|0x0000000085c00000, 0x0000000085c00000, 0x0000000085d00000|  0%| F|  |TAMS 0x0000000085c00000| PB 0x0000000085c00000| Untracked |  0
|  59|0x0000000085d00000, 0x0000000085d00000, 0x0000000085e00000|  0%| F|  |TAMS 0x0000000085d00000| PB 0x0000000085d00000| Untracked |  0
|  60|0x0000000085e00000, 0x0000000085e00000, 0x0000000085f00000|  0%| F|  |TAMS 0x0000000085e00000| PB 0x0000000085e00000| Untracked |  0
|  61|0x0000000085f00000, 0x0000000085f00000, 0x0000000086000000|  0%| F|  |TAMS 0x0000000085f00000| PB 0x0000000085f00000| Untracked |  0
|  62|0x0000000086000000, 0x0000000086000000, 0x0000000086100000|  0%| F|  |TAMS 0x0000000086000000| PB 0x0000000086000000| Untracked |  0
|  63|0x0000000086100000, 0x0000000086100000, 0x0000000086200000|  0%| F|  |TAMS 0x0000000086100000| PB 0x0000000086100000| Untracked |  0
|  64|0x0000000086200000, 0x0000000086200000, 0x0000000086300000|  0%| F|  |TAMS 0x0000000086200000| PB 0x0000000086200000| Untracked |  0
|  65|0x0000000086300000, 0x0000000086300000, 0x0000000086400000|  0%| F|  |TAMS 0x0000000086300000| PB 0x0000000086300000| Untracked |  0
|  66|0x0000000086400000, 0x0000000086400000, 0x0000000086500000|  0%| F|  |TAMS 0x0000000086400000| PB 0x0000000086400000| Untracked |  0
|  67|0x0000000086500000, 0x0000000086500000, 0x0000000086600000|  0%| F|  |TAMS 0x0000000086500000| PB 0x0000000086500000| Untracked |  0
|  68|0x0000000086600000, 0x0000000086600000, 0x0000000086700000|  0%| F|  |TAMS 0x0000000086600000| PB 0x0000000086600000| Untracked |  0
|  69|0x0000000086700000, 0x0000000086700000, 0x0000000086800000|  0%| F|  |TAMS 0x0000000086700000| PB 0x0000000086700000| Untracked |  0
|  70|0x0000000086800000, 0x0000000086800000, 0x0000000086900000|  0%| F|  |TAMS 0x0000000086800000| PB 0x0000000086800000| Untracked |  0
|  71|0x0000000086900000, 0x0000000086900000, 0x0000000086a00000|  0%| F|  |TAMS 0x0000000086900000| PB 0x0000000086900000| Untracked |  0
|  72|0x0000000086a00000, 0x0000000086a00000, 0x0000000086b00000|  0%| F|  |TAMS 0x0000000086a00000| PB 0x0000000086a00000| Untracked |  0
|  73|0x0000000086b00000, 0x0000000086b00000, 0x0000000086c00000|  0%| F|  |TAMS 0x0000000086b00000| PB 0x0000000086b00000| Untracked |  0
|  74|0x0000000086c00000, 0x0000000086c00000, 0x0000000086d00000|  0%| F|  |TAMS 0x0000000086c00000| PB 0x0000000086c00000| Untracked |  0
|  75|0x0000000086d00000, 0x0000000086d00000, 0x0000000086e00000|  0%| F|  |TAMS 0x0000000086d00000| PB 0x0000000086d00000| Untracked |  0
|  76|0x0000000086e00000, 0x0000000086e00000, 0x0000000086f00000|  0%| F|  |TAMS 0x0000000086e00000| PB 0x0000000086e00000| Untracked |  0
|  77|0x0000000086f00000, 0x0000000086f00000, 0x0000000087000000|  0%| F|  |TAMS 0x0000000086f00000| PB 0x0000000086f00000| Untracked |  0
|  78|0x0000000087000000, 0x0000000087000000, 0x0000000087100000|  0%| F|  |TAMS 0x0000000087000000| PB 0x0000000087000000| Untracked |  0
|  79|0x0000000087100000, 0x0000000087100000, 0x0000000087200000|  0%| F|  |TAMS 0x0000000087100000| PB 0x0000000087100000| Untracked |  0
|  80|0x0000000087200000, 0x0000000087200000, 0x0000000087300000|  0%| F|  |TAMS 0x0000000087200000| PB 0x0000000087200000| Untracked |  0
|  81|0x0000000087300000, 0x0000000087300000, 0x0000000087400000|  0%| F|  |TAMS 0x0000000087300000| PB 0x0000000087300000| Untracked |  0
|  82|0x0000000087400000, 0x0000000087400000, 0x0000000087500000|  0%| F|  |TAMS 0x0000000087400000| PB 0x0000000087400000| Untracked |  0
|  83|0x0000000087500000, 0x0000000087500000, 0x0000000087600000|  0%| F|  |TAMS 0x0000000087500000| PB 0x0000000087500000| Untracked |  0
|  84|0x0000000087600000, 0x0000000087600000, 0x0000000087700000|  0%| F|  |TAMS 0x0000000087600000| PB 0x0000000087600000| Untracked |  0
|  85|0x0000000087700000, 0x0000000087700000, 0x0000000087800000|  0%| F|  |TAMS 0x0000000087700000| PB 0x0000000087700000| Untracked |  0
|  86|0x0000000087800000, 0x0000000087800000, 0x0000000087900000|  0%| F|  |TAMS 0x0000000087800000| PB 0x0000000087800000| Untracked |  0
|  87|0x0000000087900000, 0x0000000087900000, 0x0000000087a00000|  0%| F|  |TAMS 0x0000000087900000| PB 0x0000000087900000| Untracked |  0
|  88|0x0000000087a00000, 0x0000000087a00000, 0x0000000087b00000|  0%| F|  |TAMS 0x0000000087a00000| PB 0x0000000087a00000| Untracked |  0
|  89|0x0000000087b00000, 0x0000000087b00000, 0x0000000087c00000|  0%| F|  |TAMS 0x0000000087b00000| PB 0x0000000087b00000| Untracked |  0
|  90|0x0000000087c00000, 0x0000000087c00000, 0x0000000087d00000|  0%| F|  |TAMS 0x0000000087c00000| PB 0x0000000087c00000| Untracked |  0
|  91|0x0000000087d00000, 0x0000000087d00000, 0x0000000087e00000|  0%| F|  |TAMS 0x0000000087d00000| PB 0x0000000087d00000| Untracked |  0
|  92|0x0000000087e00000, 0x0000000087e00000, 0x0000000087f00000|  0%| F|  |TAMS 0x0000000087e00000| PB 0x0000000087e00000| Untracked |  0
|  93|0x0000000087f00000, 0x0000000087f00000, 0x0000000088000000|  0%| F|  |TAMS 0x0000000087f00000| PB 0x0000000087f00000| Untracked |  0
|  94|0x0000000088000000, 0x0000000088000000, 0x0000000088100000|  0%| F|  |TAMS 0x0000000088000000| PB 0x0000000088000000| Untracked |  0
|  95|0x0000000088100000, 0x0000000088100000, 0x0000000088200000|  0%| F|  |TAMS 0x0000000088100000| PB 0x0000000088100000| Untracked |  0
|  96|0x0000000088200000, 0x0000000088200000, 0x0000000088300000|  0%| F|  |TAMS 0x0000000088200000| PB 0x0000000088200000| Untracked |  0
|  97|0x0000000088300000, 0x0000000088300000, 0x0000000088400000|  0%| F|  |TAMS 0x0000000088300000| PB 0x0000000088300000| Untracked |  0
|  98|0x0000000088400000, 0x0000000088400000, 0x0000000088500000|  0%| F|  |TAMS 0x0000000088400000| PB 0x0000000088400000| Untracked |  0
|  99|0x0000000088500000, 0x0000000088500000, 0x0000000088600000|  0%| F|  |TAMS 0x0000000088500000| PB 0x0000000088500000| Untracked |  0
| 100|0x0000000088600000, 0x0000000088600000, 0x0000000088700000|  0%| F|  |TAMS 0x0000000088600000| PB 0x0000000088600000| Untracked |  0
| 101|0x0000000088700000, 0x0000000088700000, 0x0000000088800000|  0%| F|  |TAMS 0x0000000088700000| PB 0x0000000088700000| Untracked |  0
| 102|0x0000000088800000, 0x0000000088800000, 0x0000000088900000|  0%| F|  |TAMS 0x0000000088800000| PB 0x0000000088800000| Untracked |  0
| 103|0x0000000088900000, 0x0000000088900000, 0x0000000088a00000|  0%| F|  |TAMS 0x0000000088900000| PB 0x0000000088900000| Untracked |  0
| 104|0x0000000088a00000, 0x0000000088a00000, 0x0000000088b00000|  0%| F|  |TAMS 0x0000000088a00000| PB 0x0000000088a00000| Untracked |  0
| 105|0x0000000088b00000, 0x0000000088b00000, 0x0000000088c00000|  0%| F|  |TAMS 0x0000000088b00000| PB 0x0000000088b00000| Untracked |  0
| 106|0x0000000088c00000, 0x0000000088c00000, 0x0000000088d00000|  0%| F|  |TAMS 0x0000000088c00000| PB 0x0000000088c00000| Untracked |  0
| 107|0x0000000088d00000, 0x0000000088d00000, 0x0000000088e00000|  0%| F|  |TAMS 0x0000000088d00000| PB 0x0000000088d00000| Untracked |  0
| 108|0x0000000088e00000, 0x0000000088e00000, 0x0000000088f00000|  0%| F|  |TAMS 0x0000000088e00000| PB 0x0000000088e00000| Untracked |  0
| 109|0x0000000088f00000, 0x0000000088f00000, 0x0000000089000000|  0%| F|  |TAMS 0x0000000088f00000| PB 0x0000000088f00000| Untracked |  0
| 110|0x0000000089000000, 0x0000000089000000, 0x0000000089100000|  0%| F|  |TAMS 0x0000000089000000| PB 0x0000000089000000| Untracked |  0
| 111|0x0000000089100000, 0x0000000089100000, 0x0000000089200000|  0%| F|  |TAMS 0x0000000089100000| PB 0x0000000089100000| Untracked |  0
| 112|0x0000000089200000, 0x0000000089200000, 0x0000000089300000|  0%| F|  |TAMS 0x0000000089200000| PB 0x0000000089200000| Untracked |  0
| 113|0x0000000089300000, 0x0000000089300000, 0x0000000089400000|  0%| F|  |TAMS 0x0000000089300000| PB 0x0000000089300000| Untracked |  0
| 114|0x0000000089400000, 0x0000000089400000, 0x0000000089500000|  0%| F|  |TAMS 0x0000000089400000| PB 0x0000000089400000| Untracked |  0
| 115|0x0000000089500000, 0x0000000089500000, 0x0000000089600000|  0%| F|  |TAMS 0x0000000089500000| PB 0x0000000089500000| Untracked |  0
| 116|0x0000000089600000, 0x00000000896d88d0, 0x0000000089700000| 84%| E|  |TAMS 0x0000000089600000| PB 0x0000000089600000| Complete |  0
| 117|0x0000000089700000, 0x0000000089800000, 0x0000000089800000|100%| E|CS|TAMS 0x0000000089700000| PB 0x0000000089700000| Complete |  0
| 118|0x0000000089800000, 0x0000000089900000, 0x0000000089900000|100%| E|CS|TAMS 0x0000000089800000| PB 0x0000000089800000| Complete |  0
| 119|0x0000000089900000, 0x0000000089a00000, 0x0000000089a00000|100%| E|CS|TAMS 0x0000000089900000| PB 0x0000000089900000| Complete |  0
| 120|0x0000000089a00000, 0x0000000089b00000, 0x0000000089b00000|100%| E|CS|TAMS 0x0000000089a00000| PB 0x0000000089a00000| Complete |  0
| 121|0x0000000089b00000, 0x0000000089c00000, 0x0000000089c00000|100%| E|CS|TAMS 0x0000000089b00000| PB 0x0000000089b00000| Complete |  0
| 122|0x0000000089c00000, 0x0000000089d00000, 0x0000000089d00000|100%| E|CS|TAMS 0x0000000089c00000| PB 0x0000000089c00000| Complete |  0
| 123|0x0000000089d00000, 0x0000000089e00000, 0x0000000089e00000|100%| E|CS|TAMS 0x0000000089d00000| PB 0x0000000089d00000| Complete |  0
| 124|0x0000000089e00000, 0x0000000089f00000, 0x0000000089f00000|100%| E|CS|TAMS 0x0000000089e00000| PB 0x0000000089e00000| Complete |  0
| 125|0x0000000089f00000, 0x000000008a000000, 0x000000008a000000|100%| E|CS|TAMS 0x0000000089f00000| PB 0x0000000089f00000| Complete |  0

Card table byte_map: [0x000001acf8610000,0x000001acf8a00000] _byte_map_base: 0x000001acf81ff000

Marking Bits: (CMBitMap*) 0x000001ace0f23890
 Bits: [0x000001acf8a00000, 0x000001acfa978000)

Polling page: 0x000001acdeee0000

Metaspace:

Usage:
  Non-class:      5.49 MB used.
      Class:    670.98 KB used.
       Both:      6.15 MB used.

Virtual space:
  Non-class space:       64.00 MB reserved,       5.56 MB (  9%) committed,  1 nodes.
      Class space:        1.00 GB reserved,     768.00 KB ( <1%) committed,  1 nodes.
             Both:        1.06 GB reserved,       6.31 MB ( <1%) committed. 

Chunk freelists:
   Non-Class:  10.20 MB
       Class:  15.22 MB
        Both:  25.42 MB

MaxMetaspaceSize: unlimited
CompressedClassSpaceSize: 1.00 GB
Initial GC threshold: 21.00 MB
Current GC threshold: 21.00 MB
CDS: on
 - commit_granule_bytes: 65536.
 - commit_granule_words: 8192.
 - virtual_space_node_default_size: 8388608.
 - enlarge_chunks_in_place: 1.
 - use_allocation_guard: 0.


Internal statistics:

num_allocs_failed_limit: 0.
num_arena_births: 142.
num_arena_deaths: 0.
num_vsnodes_births: 2.
num_vsnodes_deaths: 0.
num_space_committed: 101.
num_space_uncommitted: 0.
num_chunks_returned_to_freelist: 0.
num_chunks_taken_from_freelist: 178.
num_chunk_merges: 0.
num_chunk_splits: 113.
num_chunks_enlarged: 60.
num_inconsistent_stats: 0.

CodeHeap 'non-profiled nmethods': size=120000Kb used=237Kb max_used=237Kb free=119762Kb
 bounds [0x000001acf0cf0000, 0x000001acf0f60000, 0x000001acf8220000]
CodeHeap 'profiled nmethods': size=120000Kb used=1405Kb max_used=1405Kb free=118594Kb
 bounds [0x000001ace9220000, 0x000001ace9490000, 0x000001acf0750000]
CodeHeap 'non-nmethods': size=5760Kb used=1518Kb max_used=1518Kb free=4241Kb
 bounds [0x000001acf0750000, 0x000001acf09c0000, 0x000001acf0cf0000]
 total_blobs=1443 nmethods=852 adapters=496
 compilation: enabled
              stopped_count=0, restarted_count=0
 full_count=0

Compilation events (20 events):
Event: 1.067 Thread 0x000001acfce46640  774       3       java.util.concurrent.ConcurrentHashMap$Node::<init> (14 bytes)
Event: 1.067 Thread 0x000001acfce46640 nmethod 774 0x000001ace9345810 code [0x000001ace93459c0, 0x000001ace9345ca8]
Event: 1.074 Thread 0x000001acfce43b50 nmethod 749 0x000001acf0d27090 code [0x000001acf0d27240, 0x000001acf0d27720]
Event: 1.074 Thread 0x000001acfce43b50  775       4       java.lang.String::checkBoundsBeginEnd (11 bytes)
Event: 1.076 Thread 0x000001acfce43b50 nmethod 775 0x000001acf0d27a10 code [0x000001acf0d27ba0, 0x000001acf0d27c78]
Event: 1.076 Thread 0x000001acfce43b50  745       4       java.lang.String::substring (58 bytes)
Event: 1.078 Thread 0x000001acfce46640  777       1       java.lang.Boolean::booleanValue (5 bytes)
Event: 1.078 Thread 0x000001acfce46640 nmethod 777 0x000001acf0d27d90 code [0x000001acf0d27f20, 0x000001acf0d27ff0]
Event: 1.083 Thread 0x000001acfce46640  778 %     3       sun.awt.image.PNGImageDecoder::filterRow @ 47 (460 bytes)
Event: 1.085 Thread 0x000001acfce46640 nmethod 778% 0x000001ace9345d90 code [0x000001ace9346020, 0x000001ace9347018]
Event: 1.085 Thread 0x000001acfce46640  779       3       java.security.AccessController::executePrivileged (69 bytes)
Event: 1.086 Thread 0x000001acfce46640 nmethod 779 0x000001ace9347810 code [0x000001ace93479e0, 0x000001ace9347d08]
Event: 1.086 Thread 0x000001acfce46640  780       3       sun.awt.image.PNGImageDecoder::filterRow (460 bytes)
Event: 1.087 Thread 0x000001acfce46640 nmethod 780 0x000001ace9347e90 code [0x000001ace9348120, 0x000001ace9348eb0]
Event: 1.088 Thread 0x000001acfce43b50 nmethod 745 0x000001acf0d28090 code [0x000001acf0d28260, 0x000001acf0d28980]
Event: 1.088 Thread 0x000001acfce46640  781 % !   3       sun.awt.image.PNGImageDecoder::produceImage @ 960 (1917 bytes)
Event: 1.088 Thread 0x000001acfce43b50  761       4       java.util.HashMap$Node::<init> (26 bytes)
Event: 1.093 Thread 0x000001acfce43b50 nmethod 761 0x000001acf0d29290 code [0x000001acf0d29420, 0x000001acf0d29780]
Event: 1.093 Thread 0x000001acfce43b50  782 %     4       sun.awt.image.PNGImageDecoder::filterRow @ 47 (460 bytes)
Event: 1.101 Thread 0x000001acfce46640 nmethod 781% 0x000001ace9349610 code [0x000001ace9349e40, 0x000001ace9350428]

GC Heap History (0 events):
No events

Dll operation events (11 events):
Event: 0.057 Loaded shared library C:\Users\Pss\.jdks\openjdk-22.0.1\bin\java.dll
Event: 0.146 Loaded shared library C:\Users\Pss\.jdks\openjdk-22.0.1\bin\jsvml.dll
Event: 0.261 Loaded shared library C:\Users\Pss\.jdks\openjdk-22.0.1\bin\zip.dll
Event: 0.278 Loaded shared library C:\Users\Pss\.jdks\openjdk-22.0.1\bin\instrument.dll
Event: 0.289 Loaded shared library C:\Users\Pss\.jdks\openjdk-22.0.1\bin\net.dll
Event: 0.298 Loaded shared library C:\Users\Pss\.jdks\openjdk-22.0.1\bin\nio.dll
Event: 0.306 Loaded shared library C:\Users\Pss\.jdks\openjdk-22.0.1\bin\zip.dll
Event: 0.327 Loaded shared library C:\Program Files\JetBrains\IntelliJ IDEA 2023.3.4\bin\breakgen64.dll
Event: 0.349 Loaded shared library C:\Users\Pss\.jdks\openjdk-22.0.1\bin\extnet.dll
Event: 0.365 Loaded shared library C:\Users\Pss\.jdks\openjdk-22.0.1\bin\jimage.dll
Event: 0.412 Loaded shared library C:\Users\Pss\.jdks\openjdk-22.0.1\bin\awt.dll

Deoptimization events (14 events):
Event: 0.628 Thread 0x000001acdedd1c10 Uncommon trap: trap_request=0xffffff45 fr.pc=0x000001acf0cfebfc relative=0x00000000000008bc
Event: 0.628 Thread 0x000001acdedd1c10 Uncommon trap: reason=unstable_if action=reinterpret pc=0x000001acf0cfebfc method=java.util.HashMap.putVal(ILjava/lang/Object;Ljava/lang/Object;ZZ)Ljava/lang/Object; @ 69 c2
Event: 0.628 Thread 0x000001acdedd1c10 DEOPT PACKING pc=0x000001acf0cfebfc sp=0x00000003e9eff060
Event: 0.628 Thread 0x000001acdedd1c10 DEOPT UNPACKING pc=0x000001acf07a46a2 sp=0x00000003e9eff010 mode 2
Event: 0.682 Thread 0x000001acc53a4d70 Uncommon trap: trap_request=0xffffff45 fr.pc=0x000001acf0cf96cc relative=0x00000000000000ac
Event: 0.682 Thread 0x000001acc53a4d70 Uncommon trap: reason=unstable_if action=reinterpret pc=0x000001acf0cf96cc method=java.lang.String.isLatin1()Z @ 10 c2
Event: 0.682 Thread 0x000001acc53a4d70 DEOPT PACKING pc=0x000001acf0cf96cc sp=0x00000003eb4fce20
Event: 0.682 Thread 0x000001acc53a4d70 DEOPT UNPACKING pc=0x000001acf07a46a2 sp=0x00000003eb4fcd50 mode 2
Event: 0.869 Thread 0x000001acc53a4d70 DEOPT PACKING pc=0x000001ace924ca7c sp=0x00000003eb4fdbe0
Event: 0.869 Thread 0x000001acc53a4d70 DEOPT UNPACKING pc=0x000001acf07a4e42 sp=0x00000003eb4fd000 mode 0
Event: 1.047 Thread 0x000001acfce3e4c0 Uncommon trap: trap_request=0xffffff45 fr.pc=0x000001acf0d21324 relative=0x00000000000002e4
Event: 1.047 Thread 0x000001acfce3e4c0 Uncommon trap: reason=unstable_if action=reinterpret pc=0x000001acf0d21324 method=java.util.regex.Pattern$BmpCharPropertyGreedy.match(Ljava/util/regex/Matcher;ILjava/lang/CharSequence;)Z @ 12 c2
Event: 1.047 Thread 0x000001acfce3e4c0 DEOPT PACKING pc=0x000001acf0d21324 sp=0x00000003ea9fe730
Event: 1.047 Thread 0x000001acfce3e4c0 DEOPT UNPACKING pc=0x000001acf07a46a2 sp=0x00000003ea9fe6c8 mode 2

Classes loaded (20 events):
Event: 1.054 Loading class java/awt/image/DataBuffer done
Event: 1.054 Loading class java/awt/image/DataBufferInt done
Event: 1.055 Loading class java/awt/image/DataBuffer$1
Event: 1.055 Loading class sun/awt/image/SunWritableRaster$DataStealer
Event: 1.055 Loading class sun/awt/image/SunWritableRaster$DataStealer done
Event: 1.055 Loading class java/awt/image/DataBuffer$1 done
Event: 1.055 Loading class sun/awt/image/SunWritableRaster
Event: 1.055 Loading class java/awt/image/WritableRaster
Event: 1.055 Loading class java/awt/image/WritableRaster done
Event: 1.055 Loading class sun/awt/image/SunWritableRaster done
Event: 1.058 Loading class java/awt/image/SinglePixelPackedSampleModel
Event: 1.062 Loading class java/awt/image/SampleModel
Event: 1.064 Loading class java/awt/image/SampleModel done
Event: 1.064 Loading class java/awt/image/SinglePixelPackedSampleModel done
Event: 1.064 Loading class sun/awt/image/IntegerInterleavedRaster
Event: 1.065 Loading class sun/awt/image/IntegerComponentRaster
Event: 1.067 Loading class sun/awt/image/IntegerComponentRaster done
Event: 1.067 Loading class sun/awt/image/IntegerInterleavedRaster done
Event: 1.069 Loading class java/awt/image/BufferedImage$1
Event: 1.069 Loading class java/awt/image/BufferedImage$1 done

Classes unloaded (0 events):
No events

Classes redefined (0 events):
No events

Internal exceptions (14 events):
Event: 0.308 Thread 0x000001acdedd1c10 Exception <a 'java/lang/NoSuchMethodError'{0x0000000089d962b8}: 'void java.lang.invoke.DirectMethodHandle$Holder.invokeStatic(java.lang.Object, java.lang.Object, java.lang.Object)'> (0x0000000089d962b8) 
thrown [s\open\src\hotspot\share\interpreter\linkResolver.cpp, line 774]
Event: 0.318 Thread 0x000001acdedd1c10 Exception <a 'java/lang/NoSuchMethodError'{0x0000000089dadd50}: 'java.lang.Object java.lang.invoke.Invokers$Holder.invokeExact_MT(java.lang.Object, java.lang.Object, java.lang.Object, java.lang.Object, java.lang.Object)'> (0x0000000089dadd50) 
thrown [s\open\src\hotspot\share\interpreter\linkResolver.cpp, line 774]
Event: 0.352 Thread 0x000001acc52356b0 Exception <a 'java/lang/NoSuchMethodError'{0x0000000089de2f68}: 'void java.lang.invoke.DirectMethodHandle$Holder.invokeStatic(java.lang.Object, java.lang.Object)'> (0x0000000089de2f68) 
thrown [s\open\src\hotspot\share\interpreter\linkResolver.cpp, line 774]
Event: 0.380 Thread 0x000001acdedd1c10 Exception <a 'java/lang/ClassNotFoundException'{0x0000000089c08dc0}: sun/awt/resources/spi/awtProvider> (0x0000000089c08dc0) 
thrown [s\open\src\hotspot\share\classfile\systemDictionary.cpp, line 313]
Event: 0.434 Thread 0x000001acdedd1c10 Exception <a 'java/io/FileNotFoundException'{0x0000000089c5a4a0}> (0x0000000089c5a4a0) 
thrown [s\open\src\hotspot\share\prims\jni.cpp, line 520]
Event: 0.453 Thread 0x000001acdedd1c10 Exception <a 'java/io/FileNotFoundException'{0x0000000089c885a0}> (0x0000000089c885a0) 
thrown [s\open\src\hotspot\share\prims\jni.cpp, line 520]
Event: 0.708 Thread 0x000001acc53a4d70 Exception <a 'java/lang/NoSuchMethodError'{0x0000000089bc3050}: 'void java.lang.invoke.DirectMethodHandle$Holder.invokeSpecial(java.lang.Object, java.lang.Object, java.lang.Object)'> (0x0000000089bc3050) 
thrown [s\open\src\hotspot\share\interpreter\linkResolver.cpp, line 774]
Event: 0.728 Thread 0x000001acc53a4d70 Exception <a 'java/lang/NoSuchMethodError'{0x0000000089a12168}: 'java.lang.Object java.lang.invoke.DirectMethodHandle$Holder.newInvokeSpecial(java.lang.Object, java.lang.Object, java.lang.Object, java.lang.Object, java.lang.Object)'> (0x0000000089a12168) 
thrown [s\open\src\hotspot\share\interpreter\linkResolver.cpp, line 774]
Event: 0.741 Thread 0x000001acc53a4d70 Exception <a 'java/lang/NoSuchMethodError'{0x0000000089a3e880}: 'java.lang.Object java.lang.invoke.DirectMethodHandle$Holder.invokeStatic(java.lang.Object, int, java.lang.Object)'> (0x0000000089a3e880) 
thrown [s\open\src\hotspot\share\interpreter\linkResolver.cpp, line 774]
Event: 0.793 Thread 0x000001acc53a4d70 Exception <a 'java/lang/ClassNotFoundException'{0x0000000089ae0d30}: com/sun/swing/internal/plaf/metal/resources/spi/metalProvider> (0x0000000089ae0d30) 
thrown [s\open\src\hotspot\share\classfile\systemDictionary.cpp, line 313]
Event: 0.796 Thread 0x000001acc53a4d70 Exception <a 'java/lang/ClassNotFoundException'{0x0000000089ae4ce0}: com/sun/swing/internal/plaf/basic/resources/spi/basicProvider> (0x0000000089ae4ce0) 
thrown [s\open\src\hotspot\share\classfile\systemDictionary.cpp, line 313]
Event: 0.822 Thread 0x000001acc53a4d70 Exception <a 'java/lang/NoSuchMethodError'{0x0000000089901668}: 'int java.lang.invoke.Invokers$Holder.invokeExact_MT(java.lang.Object, java.lang.Object)'> (0x0000000089901668) 
thrown [s\open\src\hotspot\share\interpreter\linkResolver.cpp, line 774]
Event: 1.050 Thread 0x000001acc540f220 Exception <a 'java/lang/NoSuchMethodError'{0x00000000897423a8}: 'java.lang.Object java.lang.invoke.DirectMethodHandle$Holder.newInvokeSpecial(java.lang.Object, java.lang.Object, java.lang.Object, int, int, int, int, int)'> (0x00000000897423a8) 
thrown [s\open\src\hotspot\share\interpreter\linkResolver.cpp, line 774]
Event: 1.054 Thread 0x000001acfce3e4c0 Exception <a 'java/lang/NoSuchMethodError'{0x000000008978a618}: 'java.lang.Object java.lang.invoke.Invokers$Holder.invokeExact_MT(java.lang.Object, java.lang.Object, java.lang.Object, java.lang.Object, java.lang.Object, java.lang.Object)'> (0x000000008978a618) 
thrown [s\open\src\hotspot\share\interpreter\linkResolver.cpp, line 774]

ZGC Phase Switch (0 events):
No events

VM Operations (4 events):
Event: 0.216 Executing VM operation: HandshakeAllThreads (Deoptimize)
Event: 0.217 Executing VM operation: HandshakeAllThreads (Deoptimize) done
Event: 1.017 Executing VM operation: HandshakeAllThreads (Deoptimize)
Event: 1.017 Executing VM operation: HandshakeAllThreads (Deoptimize) done

Events (19 events):
Event: 0.088 Thread 0x000001acdedd1c10 Thread added: 0x000001acdedd1c10
Event: 0.139 Thread 0x000001acfce37920 Thread added: 0x000001acfce37920
Event: 0.139 Thread 0x000001acfce38450 Thread added: 0x000001acfce38450
Event: 0.140 Thread 0x000001acfce3be40 Thread added: 0x000001acfce3be40
Event: 0.140 Thread 0x000001acfce3e4c0 Thread added: 0x000001acfce3e4c0
Event: 0.141 Thread 0x000001acfce3eb30 Thread added: 0x000001acfce3eb30
Event: 0.141 Thread 0x000001acfce431b0 Thread added: 0x000001acfce431b0
Event: 0.141 Thread 0x000001acfce43b50 Thread added: 0x000001acfce43b50
Event: 0.142 Thread 0x000001acfce46640 Thread added: 0x000001acfce46640
Event: 0.201 Thread 0x000001acfce038c0 Thread added: 0x000001acfce038c0
Event: 0.328 Thread 0x000001acc52356b0 Thread added: 0x000001acc52356b0
Event: 0.328 Thread 0x000001acc52707c0 Thread added: 0x000001acc52707c0
Event: 0.557 Thread 0x000001acc538a970 Thread added: 0x000001acc538a970
Event: 0.560 Thread 0x000001acc538c870 Thread added: 0x000001acc538c870
Event: 0.562 Thread 0x000001acc538d8d0 Thread added: 0x000001acc538d8d0
Event: 0.627 Thread 0x000001acc53a4d70 Thread added: 0x000001acc53a4d70
Event: 0.628 Thread 0x000001acdedd1c10 Thread exited: 0x000001acdedd1c10
Event: 0.629 Thread 0x000001acdedd1c10 Thread added: 0x000001acdedd1c10
Event: 0.917 Thread 0x000001acc540f220 Thread added: 0x000001acc540f220


Dynamic libraries:
0x00007ff714500000 - 0x00007ff71450e000 	C:\Users\Pss\.jdks\openjdk-22.0.1\bin\java.exe
0x00007ffd6a0d0000 - 0x00007ffd6a2c8000 	C:\WINDOWS\SYSTEM32\ntdll.dll
0x00007ffd69a70000 - 0x00007ffd69b32000 	C:\WINDOWS\System32\KERNEL32.DLL
0x00007ffd67910000 - 0x00007ffd67c06000 	C:\WINDOWS\System32\KERNELBASE.dll
0x00007ffd67d50000 - 0x00007ffd67e50000 	C:\WINDOWS\System32\ucrtbase.dll
0x00007ffd5fb90000 - 0x00007ffd5fbab000 	C:\Users\Pss\.jdks\openjdk-22.0.1\bin\VCRUNTIME140.dll
0x00007ffd57fd0000 - 0x00007ffd57fe7000 	C:\Users\Pss\.jdks\openjdk-22.0.1\bin\jli.dll
0x00007ffd68110000 - 0x00007ffd682ad000 	C:\WINDOWS\System32\USER32.dll
0x00007ffd67c90000 - 0x00007ffd67cb2000 	C:\WINDOWS\System32\win32u.dll
0x00007ffd69470000 - 0x00007ffd6949b000 	C:\WINDOWS\System32\GDI32.dll
0x00007ffd677c0000 - 0x00007ffd678da000 	C:\WINDOWS\System32\gdi32full.dll
0x00007ffd68060000 - 0x00007ffd680fd000 	C:\WINDOWS\System32\msvcp_win.dll
0x00007ffd569a0000 - 0x00007ffd56c3a000 	C:\WINDOWS\WinSxS\amd64_microsoft.windows.common-controls_6595b64144ccf1df_6.0.19041.5794_none_60bcd33171f2783c\COMCTL32.dll
0x00007ffd69c10000 - 0x00007ffd69cae000 	C:\WINDOWS\System32\msvcrt.dll
0x00007ffd69a40000 - 0x00007ffd69a6f000 	C:\WINDOWS\System32\IMM32.DLL
0x00007ffd61750000 - 0x00007ffd6175c000 	C:\Users\Pss\.jdks\openjdk-22.0.1\bin\vcruntime140_1.dll
0x00007ffd57f40000 - 0x00007ffd57fce000 	C:\Users\Pss\.jdks\openjdk-22.0.1\bin\msvcp140.dll
0x00007ffd0b950000 - 0x00007ffd0c697000 	C:\Users\Pss\.jdks\openjdk-22.0.1\bin\server\jvm.dll
0x00007ffd688f0000 - 0x00007ffd6899f000 	C:\WINDOWS\System32\ADVAPI32.dll
0x00007ffd68360000 - 0x00007ffd683ff000 	C:\WINDOWS\System32\sechost.dll
0x00007ffd69d10000 - 0x00007ffd69e33000 	C:\WINDOWS\System32\RPCRT4.dll
0x00007ffd678e0000 - 0x00007ffd67907000 	C:\WINDOWS\System32\bcrypt.dll
0x00007ffd69b40000 - 0x00007ffd69bab000 	C:\WINDOWS\System32\WS2_32.dll
0x00007ffd675d0000 - 0x00007ffd6761b000 	C:\WINDOWS\SYSTEM32\POWRPROF.dll
0x00007ffd51f40000 - 0x00007ffd51f67000 	C:\WINDOWS\SYSTEM32\WINMM.dll
0x00007ffd555b0000 - 0x00007ffd555ba000 	C:\WINDOWS\SYSTEM32\VERSION.dll
0x00007ffd675b0000 - 0x00007ffd675c2000 	C:\WINDOWS\SYSTEM32\UMPDC.dll
0x00007ffd655b0000 - 0x00007ffd655c2000 	C:\WINDOWS\SYSTEM32\kernel.appcore.dll
0x00007ffd607c0000 - 0x00007ffd607ca000 	C:\Users\Pss\.jdks\openjdk-22.0.1\bin\jimage.dll
0x00007ffd4e0f0000 - 0x00007ffd4e2f1000 	C:\WINDOWS\SYSTEM32\DBGHELP.DLL
0x00007ffd4d2e0000 - 0x00007ffd4d314000 	C:\WINDOWS\SYSTEM32\dbgcore.DLL
0x00007ffd67cc0000 - 0x00007ffd67d42000 	C:\WINDOWS\System32\bcryptPrimitives.dll
0x00007ffd5f6d0000 - 0x00007ffd5f6df000 	C:\Users\Pss\.jdks\openjdk-22.0.1\bin\instrument.dll
0x00007ffd57ec0000 - 0x00007ffd57ede000 	C:\Users\Pss\.jdks\openjdk-22.0.1\bin\java.dll
0x00007ffd689d0000 - 0x00007ffd6913e000 	C:\WINDOWS\System32\SHELL32.dll
0x00007ffd69340000 - 0x00007ffd6946b000 	C:\WINDOWS\System32\ole32.dll
0x00007ffd69560000 - 0x00007ffd698b3000 	C:\WINDOWS\System32\combase.dll
0x00007ffd657b0000 - 0x00007ffd65f53000 	C:\WINDOWS\SYSTEM32\windows.storage.dll
0x00007ffd66ff0000 - 0x00007ffd6701b000 	C:\WINDOWS\SYSTEM32\Wldp.dll
0x00007ffd69970000 - 0x00007ffd69a3d000 	C:\WINDOWS\System32\OLEAUT32.dll
0x00007ffd698c0000 - 0x00007ffd6996d000 	C:\WINDOWS\System32\SHCORE.dll
0x00007ffd69cb0000 - 0x00007ffd69d05000 	C:\WINDOWS\System32\shlwapi.dll
0x00007ffd676a0000 - 0x00007ffd676c5000 	C:\WINDOWS\SYSTEM32\profapi.dll
0x00007ffd4a320000 - 0x00007ffd4a3f7000 	C:\Users\Pss\.jdks\openjdk-22.0.1\bin\jsvml.dll
0x00007ffd57ea0000 - 0x00007ffd57eb7000 	C:\Users\Pss\.jdks\openjdk-22.0.1\bin\zip.dll
0x00007ffd5c280000 - 0x00007ffd5c290000 	C:\Users\Pss\.jdks\openjdk-22.0.1\bin\net.dll
0x00007ffd66dd0000 - 0x00007ffd66e3c000 	C:\WINDOWS\system32\mswsock.dll
0x00007ffd57e80000 - 0x00007ffd57e96000 	C:\Users\Pss\.jdks\openjdk-22.0.1\bin\nio.dll
0x00007ffd57e40000 - 0x00007ffd57e5a000 	C:\Program Files\JetBrains\IntelliJ IDEA 2023.3.4\bin\breakgen64.dll
0x00007ffd5be60000 - 0x00007ffd5be69000 	C:\Users\Pss\.jdks\openjdk-22.0.1\bin\extnet.dll
0x00007ffd48d80000 - 0x00007ffd48f0d000 	C:\Users\Pss\.jdks\openjdk-22.0.1\bin\awt.dll
0x00007ffd64c90000 - 0x00007ffd64d24000 	C:\WINDOWS\SYSTEM32\apphelp.dll
0x00007ffd650c0000 - 0x00007ffd6515e000 	C:\WINDOWS\system32\uxtheme.dll
0x00007ffd46190000 - 0x00007ffd461cd000 	C:\WINDOWS\SysWOW64\TEFScreen64.dll
0x00007ffd66960000 - 0x00007ffd66993000 	C:\WINDOWS\SYSTEM32\ntmarta.dll
0x00007ffd68100000 - 0x00007ffd68108000 	C:\WINDOWS\System32\psapi.dll
0x00007ffd69140000 - 0x00007ffd69255000 	C:\WINDOWS\System32\MSCTF.dll
0x00007ffd3a170000 - 0x00007ffd3a20c000 	C:\WINDOWS\system32\IMGSF50Filter_x64.dll
0x00007ffd3a410000 - 0x00007ffd3a538000 	C:\WINDOWS\SYSTEM32\Opengl32.dll
0x00007ffd3a3a0000 - 0x00007ffd3a3cc000 	C:\WINDOWS\SYSTEM32\GLU32.dll
0x00007ffd652b0000 - 0x00007ffd652df000 	C:\WINDOWS\system32\DWMAPI.DLL

dbghelp: loaded successfully - version: 4.0.5 - missing functions: none
symbol engine: initialized successfully - sym options: 0x614 - pdb path: .;C:\Users\Pss\.jdks\openjdk-22.0.1\bin;C:\WINDOWS\SYSTEM32;C:\WINDOWS\WinSxS\amd64_microsoft.windows.common-controls_6595b64144ccf1df_6.0.19041.5794_none_60bcd33171f2783c;C:\Users\Pss\.jdks\openjdk-22.0.1\bin\server;C:\Program Files\JetBrains\IntelliJ IDEA 2023.3.4\bin;C:\WINDOWS\SysWOW64

VM Arguments:
jvm_args: --enable-preview -javaagent:C:\Program Files\JetBrains\IntelliJ IDEA 2023.3.4\lib\idea_rt.jar=59446:C:\Program Files\JetBrains\IntelliJ IDEA 2023.3.4\bin -Dfile.encoding=UTF-8 -Dsun.stdout.encoding=UTF-8 -Dsun.stderr.encoding=UTF-8 
java_command: com.vector.editor.view.MainFrame
java_class_path (initial): C:\Users\Pss\Desktop\psb\2025s_swproj\out\production\2025s_swproj
Launcher Type: SUN_STANDARD

[Global flags]
     intx CICompilerCount                          = 3                                         {product} {ergonomic}
     uint ConcGCThreads                            = 1                                         {product} {ergonomic}
     uint G1ConcRefinementThreads                  = 4                                         {product} {ergonomic}
   size_t G1HeapRegionSize                         = 1048576                                   {product} {ergonomic}
   size_t InitialHeapSize                          = 132120576                                 {product} {ergonomic}
   size_t MarkStackSize                            = 4194304                                   {product} {ergonomic}
   size_t MaxHeapSize                              = 2111832064                                {product} {ergonomic}
   size_t MaxNewSize                               = 1266679808                                {product} {ergonomic}
   size_t MinHeapDeltaBytes                        = 1048576                                   {product} {ergonomic}
   size_t MinHeapSize                              = 8388608                                   {product} {ergonomic}
    uintx NonNMethodCodeHeapSize                   = 5832780                                {pd product} {ergonomic}
    uintx NonProfiledCodeHeapSize                  = 122912730                              {pd product} {ergonomic}
    uintx ProfiledCodeHeapSize                     = 122912730                              {pd product} {ergonomic}
    uintx ReservedCodeCacheSize                    = 251658240                              {pd product} {ergonomic}
     bool SegmentedCodeCache                       = true                                      {product} {ergonomic}
   size_t SoftMaxHeapSize                          = 2111832064                             {manageable} {ergonomic}
     bool UseCompressedOops                        = true                           {product lp64_product} {ergonomic}
     bool UseG1GC                                  = true                                      {product} {ergonomic}
     bool UseLargePagesIndividualAllocation        = false                                  {pd product} {ergonomic}

Logging:
Log output configuration:
 #0: stdout all=warning uptime,level,tags foldmultilines=false
 #1: stderr all=off uptime,level,tags foldmultilines=false

Environment Variables:
PATH=C:\Program Files\Common Files\Oracle\Java\javapath;C:\Program Files (x86)\Common Files\Oracle\Java\javapath;C:\WINDOWS\system32;C:\WINDOWS;C:\WINDOWS\System32\Wbem;C:\WINDOWS\System32\WindowsPowerShell\v1.0\;C:\WINDOWS\System32\OpenSSH\;C:\Program Files\Graphviz 2.44.1\bin;C:\Program Files (x86)\Git\cmd;C:\ProgramData\chocolatey\bin;C:\Program Files\nodejs\;C:\Program Files (x86)\ePapyrus\SDPlugin\addins;C:\Program Files\CMake\bin;C:\Users\Pss\AppData\Local\Programs\Python\Python313\Scripts\;C:\Users\Pss\AppData\Local\Programs\Python\Python313\;C:\Users\Pss\AppData\Local\Programs\Python\Python38\Scripts\;C:\Users\Pss\AppData\Local\Programs\Python\Python38\;C:\Users\Pss\AppData\Local\Programs\Python\Python38-32\Scripts\;C:\Users\Pss\AppData\Local\Programs\Python\Python38-32\;C:\Users\Pss\AppData\Local\Microsoft\WindowsApps;C:\intelFPGA\18.1\modelsim_ase\win32aloem;C:\Users\Pss\AppData\Local\Coursier\data\bin;C:\scala\scala-2.13.12bin;C:\tools\mysql\current\bin;C:\Users\Pss\AppData\Roaming\npm;C:\dart-sdk\bin;C:\flutter\bin;C:\Users\Pss\AppData\Local\Pub\Cache\bin
USERNAME=Pss
TMPDIR=C:\Users\Public\Documents\ESTsoft\CreatorTemp
OS=Windows_NT
PROCESSOR_IDENTIFIER=Intel64 Family 6 Model 78 Stepping 3, GenuineIntel
TMP=C:\Users\Pss\AppData\Local\Temp
TEMP=C:\Users\Pss\AppData\Local\Temp




Periodic native trim disabled

---------------  S Y S T E M  ---------------

OS:
 Windows 10 , 64 bit Build 19041 (10.0.19041.5794)
OS uptime: 14 days 20:21 hours
Hyper-V role detected

CPU: total 4 (initial active 4) (2 cores per cpu, 2 threads per core) family 6 model 78 stepping 3 microcode 0xcc, cx8, cmov, fxsr, ht, mmx, 3dnowpref, sse, sse2, sse3, ssse3, sse4.1, sse4.2, popcnt, lzcnt, tsc, tscinvbit, avx, avx2, aes, erms, clmul, bmi1, bmi2, rtm, adx, fma, vzeroupper, clflush, clflushopt, hv, rdtscp, f16c
Processor Information for all 4 processors :
  Max Mhz: 2301, Current Mhz: 2301, Mhz Limit: 2301

Memory: 4k page, system-wide physical 8055M (514M free)
TotalPageFile size 29420M (AvailPageFile size 0M)
current process WorkingSet (physical memory assigned to process): 65M, peak: 65M
current process commit charge ("private bytes"): 213M, peak: 213M

vm_info: OpenJDK 64-Bit Server VM (22.0.1+8-16) for windows-amd64 JRE (22.0.1+8-16), built on 2024-03-12T10:33:16Z by "mach5one" with MS VC++ 17.6 (VS2022)

END.
